#
# A fatal error has been detected by the Java Runtime Environment:
#
#  Internal Error (t:/workspace/open/src/hotspot/cpu/x86/assembler_x86.cpp:1005), pid=22788, tid=17716
#  Error: ShouldNotReachHere()
#
# JRE version: Java(TM) SE Runtime Environment (13.0+33) (build 13+33)
# Java VM: Java HotSpot(TM) 64-Bit Server VM (13+33, mixed mode, sharing, tiered, compressed oops, parallel gc, windows-amd64)
# No core dump will be written. Minidumps are not enabled by default on client versions of Windows
#
# If you would like to submit a bug report, please visit:
#   http://bugreport.java.com/bugreport/crash.jsp
#

---------------  S U M M A R Y ------------

Command Line: --add-modules=ALL-SYSTEM --add-opens=java.base/java.util=ALL-UNNAMED --add-opens=java.base/java.lang=ALL-UNNAMED -Declipse.application=org.eclipse.jdt.ls.core.id1 -Dosgi.bundles.defaultStartLevel=4 -Declipse.product=org.eclipse.jdt.ls.core.product -Dfile.encoding=utf8 -DwatchParentProcess=false -XX:+UseParallelGC -XX:GCTimeRatio=4 -XX:AdaptiveSizePolicyWeight=90 -Dsun.zip.disableMemoryMapping=true -Xmx1G -Xms100m c:\Users\umihara\.vscode\extensions\redhat.java-0.76.0\server\plugins\org.eclipse.equinox.launcher_1.6.100.v20201223-0822.jar -configuration c:\Users\umihara\AppData\Roaming\Code\User\globalStorage\redhat.java\0.76.0\config_win -data c:\Users\umihara\AppData\Roaming\Code\User\workspaceStorage\ef3a78b7ad6609fd61aca2e8f2b6084f\redhat.java\jdt_ws

Host: Intel(R) Core(TM) i5-8300H CPU @ 2.30GHz, 8 cores, 15G,  Windows 10 , 64 bit Build 19041 (10.0.19041.804)
Time: Mon Apr 12 10:52:55 2021 中国标准时间 elapsed time: 2039 seconds (0d 0h 33m 59s)

---------------  T H R E A D  ---------------

Current thread (0x000001d39777d800):  VMThread "VM Thread" [stack: 0x0000001736e00000,0x0000001736f00000] [id=17716]

Stack: [0x0000001736e00000,0x0000001736f00000]
[error occurred during error reporting (printing stack bounds), id 0xc0000005, EXCEPTION_ACCESS_VIOLATION (0xc0000005) at pc=0x000001d39fbb10ad]

Native frames: (J=compiled Java code, j=interpreted, Vv=VM code, C=native code)
V  [jvm.dll+0x626eaa]
V  [jvm.dll+0x772c4a]
V  [jvm.dll+0x7743ff]
V  [jvm.dll+0x774965]
V  [jvm.dll+0x77491b]
V  [jvm.dll+0x6266df]
C  [ntdll.dll+0x78a4c]
C  [ntdll.dll+0x51276]
C  [ntdll.dll+0xa0a9e]
C  0x000001d39fbb10ad

VM_Operation (0x00000017390fe960): ParallelGCFailedAllocation, mode: safepoint, requested by thread 0x000001d3c0775800


---------------  P R O C E S S  ---------------

Threads class SMR info:
_java_thread_list=0x000001d3c5b3bcf0, length=57, elements={
0x000001d3976a1000, 0x000001d3b1593000, 0x000001d3b1595800, 0x000001d3b32d5800,
0x000001d3b32d7000, 0x000001d3b32d8800, 0x000001d3b32e2000, 0x000001d3b32e7000,
0x000001d3b33ed000, 0x000001d3b350d000, 0x000001d3b3948800, 0x000001d3b3f88800,
0x000001d3b401b800, 0x000001d3b3915000, 0x000001d3b3c66000, 0x000001d3b43e9800,
0x000001d3b466f800, 0x000001d3b3ff9000, 0x000001d3b4bf0000, 0x000001d3b4bec000,
0x000001d3b4bf7800, 0x000001d3b4bf8000, 0x000001d3c076f000, 0x000001d3c0769800,
0x000001d3b3ff8800, 0x000001d3c076c000, 0x000001d3c0773800, 0x000001d3b4bf3800,
0x000001d3c076c800, 0x000001d3c0775000, 0x000001d3c0774000, 0x000001d3c076e800,
0x000001d3c076a800, 0x000001d3c076b000, 0x000001d3c076d800, 0x000001d3c0775800,
0x000001d3c0771000, 0x000001d3c0778000, 0x000001d3c0777800, 0x000001d3b4bed800,
0x000001d3b4bf6800, 0x000001d3b4bee800, 0x000001d3b4bf5000, 0x000001d3b4bf5800,
0x000001d3b4bea800, 0x000001d3b3ff7800, 0x000001d3b3ffa000, 0x000001d3b3ff5000,
0x000001d3b3ff6000, 0x000001d3b4bf1000, 0x000001d3b4beb000, 0x000001d3b4bf4000,
0x000001d3c0776800, 0x000001d3b3ffb000, 0x000001d3c21b4800, 0x000001d3c21b7000,
0x000001d3c21b6000
}

Java Threads: ( => current thread )
  0x000001d3976a1000 JavaThread "main" [_thread_blocked, id=4016, stack(0x0000001736c00000,0x0000001736d00000)]
  0x000001d3b1593000 JavaThread "Reference Handler" daemon [_thread_blocked, id=13592, stack(0x0000001736f00000,0x0000001737000000)]
  0x000001d3b1595800 JavaThread "Finalizer" daemon [_thread_blocked, id=9100, stack(0x0000001737000000,0x0000001737100000)]
  0x000001d3b32d5800 JavaThread "Signal Dispatcher" daemon [_thread_blocked, id=5420, stack(0x0000001737100000,0x0000001737200000)]
  0x000001d3b32d7000 JavaThread "Attach Listener" daemon [_thread_blocked, id=18404, stack(0x0000001737200000,0x0000001737300000)]
  0x000001d3b32d8800 JavaThread "C2 CompilerThread0" daemon [_thread_blocked, id=22680, stack(0x0000001737300000,0x0000001737400000)]
  0x000001d3b32e2000 JavaThread "C1 CompilerThread0" daemon [_thread_blocked, id=21036, stack(0x0000001737400000,0x0000001737500000)]
  0x000001d3b32e7000 JavaThread "Sweeper thread" daemon [_thread_blocked, id=23888, stack(0x0000001737500000,0x0000001737600000)]
  0x000001d3b33ed000 JavaThread "Common-Cleaner" daemon [_thread_blocked, id=24540, stack(0x0000001737600000,0x0000001737700000)]
  0x000001d3b350d000 JavaThread "Service Thread" daemon [_thread_blocked, id=22264, stack(0x0000001737800000,0x0000001737900000)]
  0x000001d3b3948800 JavaThread "Active Thread: Equinox Container: 8ed7d7ee-1bd9-49a4-b9e5-33c2f66739ee" [_thread_blocked, id=15068, stack(0x0000001737b00000,0x0000001737c00000)]
  0x000001d3b3f88800 JavaThread "Framework Event Dispatcher: Equinox Container: 8ed7d7ee-1bd9-49a4-b9e5-33c2f66739ee" daemon [_thread_blocked, id=9684, stack(0x0000001737f00000,0x0000001738000000)]
  0x000001d3b401b800 JavaThread "Start Level: Equinox Container: 8ed7d7ee-1bd9-49a4-b9e5-33c2f66739ee" daemon [_thread_blocked, id=6232, stack(0x0000001738000000,0x0000001738100000)]
  0x000001d3b3915000 JavaThread "SCR Component Actor" daemon [_thread_blocked, id=9676, stack(0x0000001738100000,0x0000001738200000)]
  0x000001d3b3c66000 JavaThread "Worker-JM" [_thread_blocked, id=14596, stack(0x0000001737a00000,0x0000001737b00000)]
  0x000001d3b43e9800 JavaThread "Java indexing" daemon [_thread_blocked, id=1576, stack(0x0000001738900000,0x0000001738a00000)]
  0x000001d3b466f800 JavaThread "logback configurator timer" daemon [_thread_blocked, id=1948, stack(0x0000001738800000,0x0000001738900000)]
  0x000001d3b3ff9000 JavaThread "pool-2-thread-1" [_thread_in_native, id=1380, stack(0x0000001738b00000,0x0000001738c00000)]
  0x000001d3b4bf0000 JavaThread "Bundle File Closer" daemon [_thread_blocked, id=23804, stack(0x0000001739700000,0x0000001739800000)]
  0x000001d3b4bec000 JavaThread "Java Debug Server" daemon [_thread_in_native, id=24852, stack(0x0000001736900000,0x0000001736a00000)]
  0x000001d3b4bf7800 JavaThread "RxSchedulerPurge-1" daemon [_thread_blocked, id=6480, stack(0x0000001738300000,0x0000001738400000)]
  0x000001d3b4bf8000 JavaThread "RxCachedWorkerPoolEvictor-1" daemon [_thread_blocked, id=13568, stack(0x0000001738400000,0x0000001738500000)]
  0x000001d3c076f000 JavaThread "ForkJoinPool.commonPool-worker-1" daemon [_thread_blocked, id=18348, stack(0x0000001736a00000,0x0000001736b00000)]
  0x000001d3c0769800 JavaThread "ForkJoinPool.commonPool-worker-7" daemon [_thread_blocked, id=17752, stack(0x0000001736b00000,0x0000001736c00000)]
  0x000001d3b3ff8800 JavaThread "Worker-17" [_thread_blocked, id=19960, stack(0x0000001738d00000,0x0000001738e00000)]
  0x000001d3c076c000 JavaThread "Worker-18" [_thread_blocked, id=24088, stack(0x0000001739100000,0x0000001739200000)]
  0x000001d3c0773800 JavaThread "pool-12-thread-3" [_thread_in_native, id=10552, stack(0x0000001739800000,0x0000001739900000)]
  0x000001d3b4bf3800 JavaThread "ForkJoinPool.commonPool-worker-15" daemon [_thread_blocked, id=16216, stack(0x0000001738200000,0x0000001738300000)]
  0x000001d3c076c800 JavaThread "RxNewThreadScheduler-11" daemon [_thread_blocked, id=15804, stack(0x0000001738f00000,0x0000001739000000)]
  0x000001d3c0775000 JavaThread "Packet Receive Manager" daemon [_thread_in_native, id=11280, stack(0x0000001739600000,0x0000001739700000)]
  0x000001d3c0774000 JavaThread "Packet Send Manager" daemon [_thread_blocked, id=2292, stack(0x0000001739300000,0x0000001739400000)]
  0x000001d3c076e800 JavaThread "Event Hub" daemon [_thread_blocked, id=25832, stack(0x0000001739500000,0x0000001739600000)]
  0x000001d3c076a800 JavaThread "ForkJoinPool.commonPool-worker-13" daemon [_thread_blocked, id=21436, stack(0x0000001738a00000,0x0000001738b00000)]
  0x000001d3c076b000 JavaThread "ForkJoinPool.commonPool-worker-3" daemon [_thread_blocked, id=22388, stack(0x0000001738c00000,0x0000001738d00000)]
  0x000001d3c076d800 JavaThread "ForkJoinPool.commonPool-worker-5" daemon [_thread_blocked, id=3572, stack(0x0000001738e00000,0x0000001738f00000)]
  0x000001d3c0775800 JavaThread "ForkJoinPool.commonPool-worker-9" daemon [_thread_blocked, id=6936, stack(0x0000001739000000,0x0000001739100000)]
  0x000001d3c0771000 JavaThread "Worker-23" [_thread_blocked, id=25492, stack(0x0000001739200000,0x0000001739300000)]
  0x000001d3c0778000 JavaThread "Worker-24" [_thread_blocked, id=4428, stack(0x0000001739900000,0x0000001739a00000)]
  0x000001d3c0777800 JavaThread "Worker-25" [_thread_blocked, id=552, stack(0x0000001739400000,0x0000001739500000)]
  0x000001d3b4bed800 JavaThread "Worker-26" [_thread_blocked, id=632, stack(0x0000001739a00000,0x0000001739b00000)]
  0x000001d3b4bf6800 JavaThread "Worker-27" [_thread_blocked, id=9956, stack(0x0000001739d00000,0x0000001739e00000)]
  0x000001d3b4bee800 JavaThread "Worker-28" [_thread_blocked, id=22736, stack(0x0000001739b00000,0x0000001739c00000)]
  0x000001d3b4bf5000 JavaThread "Worker-29" [_thread_blocked, id=9904, stack(0x000000173a200000,0x000000173a300000)]
  0x000001d3b4bf5800 JavaThread "pool-48-thread-1" [_thread_blocked, id=18444, stack(0x000000173a300000,0x000000173a400000)]
  0x000001d3b4bea800 JavaThread "pool-49-thread-1" [_thread_blocked, id=25912, stack(0x0000001739c00000,0x0000001739d00000)]
  0x000001d3b3ff7800 JavaThread "pool-50-thread-1" [_thread_blocked, id=15176, stack(0x000000173a400000,0x000000173a500000)]
  0x000001d3b3ffa000 JavaThread "pool-51-thread-1" [_thread_blocked, id=20512, stack(0x000000173a500000,0x000000173a600000)]
  0x000001d3b3ff5000 JavaThread "pool-52-thread-1" [_thread_blocked, id=25844, stack(0x000000173a600000,0x000000173a700000)]
  0x000001d3b3ff6000 JavaThread "pool-53-thread-1" [_thread_blocked, id=11972, stack(0x0000001739f00000,0x000000173a000000)]
  0x000001d3b4bf1000 JavaThread "pool-54-thread-1" [_thread_blocked, id=12052, stack(0x000000173a700000,0x000000173a800000)]
  0x000001d3b4beb000 JavaThread "pool-55-thread-1" [_thread_blocked, id=10468, stack(0x0000001739e00000,0x0000001739f00000)]
  0x000001d3b4bf4000 JavaThread "pool-56-thread-1" [_thread_blocked, id=2652, stack(0x000000173a800000,0x000000173a900000)]
  0x000001d3c0776800 JavaThread "pool-57-thread-1" [_thread_blocked, id=23496, stack(0x000000173ab00000,0x000000173ac00000)]
  0x000001d3b3ffb000 JavaThread "pool-58-thread-1" [_thread_blocked, id=11020, stack(0x000000173ac00000,0x000000173ad00000)]
  0x000001d3c21b4800 JavaThread "pool-59-thread-1" [_thread_blocked, id=2740, stack(0x000000173ad00000,0x000000173ae00000)]
  0x000001d3c21b7000 JavaThread "pool-60-thread-1" [_thread_blocked, id=21272, stack(0x000000173ae00000,0x000000173af00000)]
  0x000001d3c21b6000 JavaThread "pool-61-thread-1" [_thread_blocked, id=23512, stack(0x000000173a000000,0x000000173a100000)]

Other Threads:
=>0x000001d39777d800 VMThread "VM Thread" [stack: 0x0000001736e00000,0x0000001736f00000] [id=17716]
  0x000001d3b3510800 WatcherThread [stack: 0x0000001737900000,0x0000001737a00000] [id=6776]
  0x000001d3976bb800 GCTaskThread "ParGC Thread#0" [stack: 0x0000001736d00000,0x0000001736e00000] [id=5688]
  0x000001d3b3926800 GCTaskThread "ParGC Thread#1" [stack: 0x0000001737c00000,0x0000001737d00000] [id=15328]
  0x000001d3b3927000 GCTaskThread "ParGC Thread#2" [stack: 0x0000001737d00000,0x0000001737e00000] [id=22976]
  0x000001d3b3928000 GCTaskThread "ParGC Thread#3" [stack: 0x0000001737e00000,0x0000001737f00000] [id=11764]
  0x000001d3b4315800 GCTaskThread "ParGC Thread#4" [stack: 0x0000001737700000,0x0000001737800000] [id=22212]
  0x000001d3b42dc800 GCTaskThread "ParGC Thread#5" [stack: 0x0000001738500000,0x0000001738600000] [id=22208]
  0x000001d3b33fd000 GCTaskThread "ParGC Thread#6" [stack: 0x0000001738600000,0x0000001738700000] [id=8612]
  0x000001d3b41a3800 GCTaskThread "ParGC Thread#7" [stack: 0x0000001738700000,0x0000001738800000] [id=12436]

Threads with active compile tasks:
C2 CompilerThread0  2039865 23476       4       org.eclipse.jdt.internal.codeassist.impl.AssistParser::getUnspecifiedReferenceOptimized (153 bytes)

VM state:at safepoint (normal execution)

VM Mutex/Monitor currently owned by a thread:  ([mutex/lock_event])
[0x000001d39769e670] Threads_lock - owner thread: 0x000001d39777d800
[0x000001d39769d230] Heap_lock - owner thread: 0x000001d3c0775800

Heap address: 0x00000000c0000000, size: 1024 MB, Compressed Oops mode: 32-bit
Narrow klass base: 0x0000000800000000, Narrow klass shift: 3
Compressed class space size: 1073741824 Address: 0x0000000800b40000

Heap:
 PSYoungGen      total 3584K, used 502K [0x00000000eab00000, 0x00000000eb200000, 0x0000000100000000)
  eden space 3072K, 0% used [0x00000000eab00000,0x00000000eab00000,0x00000000eae00000)
  from space 512K, 98% used [0x00000000eae80000,0x00000000eaefd888,0x00000000eaf00000)
  to   space 2048K, 0% used [0x00000000eb000000,0x00000000eb000000,0x00000000eb200000)
 ParOldGen       total 156672K, used 155765K [0x00000000c0000000, 0x00000000c9900000, 0x00000000eab00000)
  object space 156672K, 99% used [0x00000000c0000000,0x00000000c981d740,0x00000000c9900000)
 Metaspace       used 79561K, capacity 82942K, committed 83200K, reserved 1124352K
  class space    used 7776K, capacity 9074K, committed 9216K, reserved 1048576K

Card table byte_map: [0x000001d397110000,0x000001d397320000] _byte_map_base: 0x000001d396b10000

Marking Bits: (ParMarkBitMap*) 0x00007ff9caf4bb10
 Begin Bits: [0x000001d3aebb0000, 0x000001d3afbb0000)
 End Bits:   [0x000001d3afbb0000, 0x000001d3b0bb0000)

Polling page: 0x000001d395670000

Metaspace:

Usage:
  Non-class:     72.14 MB capacity,    70.10 MB ( 97%) used,     1.86 MB (  3%) free+waste,   181.63 KB ( <1%) overhead. 
      Class:      8.86 MB capacity,     7.59 MB ( 86%) used,     1.19 MB ( 13%) free+waste,    75.25 KB ( <1%) overhead. 
       Both:     81.00 MB capacity,    77.70 MB ( 96%) used,     3.05 MB (  4%) free+waste,   256.88 KB ( <1%) overhead. 

Virtual space:
  Non-class space:       74.00 MB reserved,      72.25 MB ( 98%) committed 
      Class space:        1.00 GB reserved,       9.00 MB ( <1%) committed 
             Both:        1.07 GB reserved,      81.25 MB (  7%) committed 

Chunk freelists:
   Non-Class:  52.00 KB
       Class:  46.00 KB
        Both:  98.00 KB

MaxMetaspaceSize: 17179869184.00 GB
CompressedClassSpaceSize: 1.00 GB

CodeHeap 'non-profiled nmethods': size=120000Kb used=22358Kb max_used=22358Kb free=97641Kb
 bounds [0x000001d3a7680000, 0x000001d3a8c60000, 0x000001d3aebb0000]
CodeHeap 'profiled nmethods': size=120000Kb used=34336Kb max_used=36633Kb free=85663Kb
 bounds [0x000001d3a0150000, 0x000001d3a2560000, 0x000001d3a7680000]
CodeHeap 'non-nmethods': size=5760Kb used=1436Kb max_used=1541Kb free=4323Kb
 bounds [0x000001d39fbb0000, 0x000001d39fe20000, 0x000001d3a0150000]
 total_blobs=35532 nmethods=15495 adapters=644
 compilation: enabled
              stopped_count=0, restarted_count=0
 full_count=0

Compilation events (20 events):
Event: 2038.026 Thread 0x000001d3b32d8800 nmethod 23465 0x000001d3a8c51190 code [0x000001d3a8c51420, 0x000001d3a8c529e0]
Event: 2038.026 Thread 0x000001d3b32d8800 23466       4       org.eclipse.core.internal.resources.MarkerAttributeMap::put (193 bytes)
Event: 2038.034 Thread 0x000001d3b32d8800 nmethod 23466 0x000001d3a8c53810 code [0x000001d3a8c539c0, 0x000001d3a8c53e28]
Event: 2038.034 Thread 0x000001d3b32d8800 23468       4       java.util.LinkedHashMap::values (25 bytes)
Event: 2038.035 Thread 0x000001d3b32d8800 nmethod 23468 0x000001d3a8c54090 code [0x000001d3a8c54220, 0x000001d3a8c54338]
Event: 2038.035 Thread 0x000001d3b32d8800 23467       4       java.io.InputStream::read (9 bytes)
Event: 2038.038 Thread 0x000001d3b32d8800 nmethod 23467 0x000001d3a8c54410 code [0x000001d3a8c545a0, 0x000001d3a8c549d8]
Event: 2038.813 Thread 0x000001d3b32e2000 23470       3       org.eclipse.jdt.ls.core.internal.text.correction.RefactorProposalUtility::getUniqueMethodName (127 bytes)
Event: 2038.815 Thread 0x000001d3b32e2000 nmethod 23470 0x000001d3a0edfa90 code [0x000001d3a0edfd80, 0x000001d3a0ee11e0]
Event: 2039.192 Thread 0x000001d3b32d8800 23471       4       java.util.Optional::of (12 bytes)
Event: 2039.193 Thread 0x000001d3b32d8800 nmethod 23471 0x000001d3a8c54b90 code [0x000001d3a8c54d20, 0x000001d3a8c54e18]
Event: 2039.739 Thread 0x000001d3b32d8800 23472       4       org.eclipse.core.internal.resources.Resource::equals (66 bytes)
Event: 2039.745 Thread 0x000001d3b32e2000 23473       3       org.eclipse.jdt.internal.codeassist.complete.CompletionParser::getTypeReferenceForGenericType (173 bytes)
Event: 2039.746 Thread 0x000001d3b32e2000 nmethod 23473 0x000001d3a07d1a90 code [0x000001d3a07d1ca0, 0x000001d3a07d2600]
Event: 2039.746 Thread 0x000001d3b32e2000 23474       3       org.eclipse.jdt.internal.codeassist.complete.CompletionParser::consumeMethodHeaderName (969 bytes)
Event: 2039.748 Thread 0x000001d3b32e2000 nmethod 23474 0x000001d3a16fb490 code [0x000001d3a16fb860, 0x000001d3a16fdc80]
Event: 2039.748 Thread 0x000001d3b32e2000 23475       3       org.eclipse.jdt.internal.codeassist.complete.CompletionParser::consumeMethodHeaderExtendedDims (175 bytes)
Event: 2039.748 Thread 0x000001d3b32d8800 nmethod 23472 0x000001d3a8c54f10 code [0x000001d3a8c550c0, 0x000001d3a8c55698]
Event: 2039.748 Thread 0x000001d3b32d8800 23476       4       org.eclipse.jdt.internal.codeassist.impl.AssistParser::getUnspecifiedReferenceOptimized (153 bytes)
Event: 2039.749 Thread 0x000001d3b32e2000 nmethod 23475 0x000001d3a0ede710 code [0x000001d3a0ede960, 0x000001d3a0edf670]

GC Heap History (20 events):
Event: 2038.410 GC heap after
{Heap after GC invocations=3622 (full 68):
 PSYoungGen      total 4096K, used 480K [0x00000000eab00000, 0x00000000eb000000, 0x0000000100000000)
  eden space 3072K, 0% used [0x00000000eab00000,0x00000000eab00000,0x00000000eae00000)
  from space 1024K, 46% used [0x00000000eaf00000,0x00000000eaf78000,0x00000000eb000000)
  to   space 1024K, 0% used [0x00000000eae00000,0x00000000eae00000,0x00000000eaf00000)
 ParOldGen       total 156672K, used 153697K [0x00000000c0000000, 0x00000000c9900000, 0x00000000eab00000)
  object space 156672K, 98% used [0x00000000c0000000,0x00000000c9618518,0x00000000c9900000)
 Metaspace       used 79555K, capacity 82942K, committed 83200K, reserved 1124352K
  class space    used 7776K, capacity 9074K, committed 9216K, reserved 1048576K
}
Event: 2038.421 GC heap before
{Heap before GC invocations=3623 (full 68):
 PSYoungGen      total 4096K, used 3552K [0x00000000eab00000, 0x00000000eb000000, 0x0000000100000000)
  eden space 3072K, 100% used [0x00000000eab00000,0x00000000eae00000,0x00000000eae00000)
  from space 1024K, 46% used [0x00000000eaf00000,0x00000000eaf78000,0x00000000eb000000)
  to   space 1024K, 0% used [0x00000000eae00000,0x00000000eae00000,0x00000000eaf00000)
 ParOldGen       total 156672K, used 153697K [0x00000000c0000000, 0x00000000c9900000, 0x00000000eab00000)
  object space 156672K, 98% used [0x00000000c0000000,0x00000000c9618518,0x00000000c9900000)
 Metaspace       used 79555K, capacity 82942K, committed 83200K, reserved 1124352K
  class space    used 7776K, capacity 9074K, committed 9216K, reserved 1048576K
}
Event: 2038.423 GC heap after
{Heap after GC invocations=3623 (full 68):
 PSYoungGen      total 4096K, used 96K [0x00000000eab00000, 0x00000000eaf80000, 0x0000000100000000)
  eden space 3072K, 0% used [0x00000000eab00000,0x00000000eab00000,0x00000000eae00000)
  from space 1024K, 9% used [0x00000000eae00000,0x00000000eae18000,0x00000000eaf00000)
  to   space 512K, 0% used [0x00000000eaf00000,0x00000000eaf00000,0x00000000eaf80000)
 ParOldGen       total 156672K, used 154050K [0x00000000c0000000, 0x00000000c9900000, 0x00000000eab00000)
  object space 156672K, 98% used [0x00000000c0000000,0x00000000c9670868,0x00000000c9900000)
 Metaspace       used 79555K, capacity 82942K, committed 83200K, reserved 1124352K
  class space    used 7776K, capacity 9074K, committed 9216K, reserved 1048576K
}
Event: 2038.434 GC heap before
{Heap before GC invocations=3624 (full 68):
 PSYoungGen      total 4096K, used 3168K [0x00000000eab00000, 0x00000000eaf80000, 0x0000000100000000)
  eden space 3072K, 100% used [0x00000000eab00000,0x00000000eae00000,0x00000000eae00000)
  from space 1024K, 9% used [0x00000000eae00000,0x00000000eae18000,0x00000000eaf00000)
  to   space 512K, 0% used [0x00000000eaf00000,0x00000000eaf00000,0x00000000eaf80000)
 ParOldGen       total 156672K, used 154050K [0x00000000c0000000, 0x00000000c9900000, 0x00000000eab00000)
  object space 156672K, 98% used [0x00000000c0000000,0x00000000c9670868,0x00000000c9900000)
 Metaspace       used 79555K, capacity 82942K, committed 83200K, reserved 1124352K
  class space    used 7776K, capacity 9074K, committed 9216K, reserved 1048576K
}
Event: 2038.437 GC heap after
{Heap after GC invocations=3624 (full 68):
 PSYoungGen      total 3584K, used 192K [0x00000000eab00000, 0x00000000eaf80000, 0x0000000100000000)
  eden space 3072K, 0% used [0x00000000eab00000,0x00000000eab00000,0x00000000eae00000)
  from space 512K, 37% used [0x00000000eaf00000,0x00000000eaf30000,0x00000000eaf80000)
  to   space 512K, 0% used [0x00000000eae80000,0x00000000eae80000,0x00000000eaf00000)
 ParOldGen       total 156672K, used 154074K [0x00000000c0000000, 0x00000000c9900000, 0x00000000eab00000)
  object space 156672K, 98% used [0x00000000c0000000,0x00000000c9676868,0x00000000c9900000)
 Metaspace       used 79555K, capacity 82942K, committed 83200K, reserved 1124352K
  class space    used 7776K, capacity 9074K, committed 9216K, reserved 1048576K
}
Event: 2038.818 GC heap before
{Heap before GC invocations=3625 (full 68):
 PSYoungGen      total 3584K, used 3264K [0x00000000eab00000, 0x00000000eaf80000, 0x0000000100000000)
  eden space 3072K, 100% used [0x00000000eab00000,0x00000000eae00000,0x00000000eae00000)
  from space 512K, 37% used [0x00000000eaf00000,0x00000000eaf30000,0x00000000eaf80000)
  to   space 512K, 0% used [0x00000000eae80000,0x00000000eae80000,0x00000000eaf00000)
 ParOldGen       total 156672K, used 154074K [0x00000000c0000000, 0x00000000c9900000, 0x00000000eab00000)
  object space 156672K, 98% used [0x00000000c0000000,0x00000000c9676868,0x00000000c9900000)
 Metaspace       used 79557K, capacity 82942K, committed 83200K, reserved 1124352K
  class space    used 7776K, capacity 9074K, committed 9216K, reserved 1048576K
}
Event: 2038.821 GC heap after
{Heap after GC invocations=3625 (full 68):
 PSYoungGen      total 3584K, used 288K [0x00000000eab00000, 0x00000000eaf80000, 0x0000000100000000)
  eden space 3072K, 0% used [0x00000000eab00000,0x00000000eab00000,0x00000000eae00000)
  from space 512K, 56% used [0x00000000eae80000,0x00000000eaec8000,0x00000000eaf00000)
  to   space 512K, 0% used [0x00000000eaf00000,0x00000000eaf00000,0x00000000eaf80000)
 ParOldGen       total 156672K, used 154098K [0x00000000c0000000, 0x00000000c9900000, 0x00000000eab00000)
  object space 156672K, 98% used [0x00000000c0000000,0x00000000c967c868,0x00000000c9900000)
 Metaspace       used 79557K, capacity 82942K, committed 83200K, reserved 1124352K
  class space    used 7776K, capacity 9074K, committed 9216K, reserved 1048576K
}
Event: 2038.832 GC heap before
{Heap before GC invocations=3626 (full 68):
 PSYoungGen      total 3584K, used 3360K [0x00000000eab00000, 0x00000000eaf80000, 0x0000000100000000)
  eden space 3072K, 100% used [0x00000000eab00000,0x00000000eae00000,0x00000000eae00000)
  from space 512K, 56% used [0x00000000eae80000,0x00000000eaec8000,0x00000000eaf00000)
  to   space 512K, 0% used [0x00000000eaf00000,0x00000000eaf00000,0x00000000eaf80000)
 ParOldGen       total 156672K, used 154098K [0x00000000c0000000, 0x00000000c9900000, 0x00000000eab00000)
  object space 156672K, 98% used [0x00000000c0000000,0x00000000c967c868,0x00000000c9900000)
 Metaspace       used 79557K, capacity 82942K, committed 83200K, reserved 1124352K
  class space    used 7776K, capacity 9074K, committed 9216K, reserved 1048576K
}
Event: 2038.834 GC heap after
{Heap after GC invocations=3626 (full 68):
 PSYoungGen      total 3584K, used 160K [0x00000000eab00000, 0x00000000eaf80000, 0x0000000100000000)
  eden space 3072K, 0% used [0x00000000eab00000,0x00000000eab00000,0x00000000eae00000)
  from space 512K, 31% used [0x00000000eaf00000,0x00000000eaf28000,0x00000000eaf80000)
  to   space 512K, 0% used [0x00000000eae80000,0x00000000eae80000,0x00000000eaf00000)
 ParOldGen       total 156672K, used 154238K [0x00000000c0000000, 0x00000000c9900000, 0x00000000eab00000)
  object space 156672K, 98% used [0x00000000c0000000,0x00000000c969fbc8,0x00000000c9900000)
 Metaspace       used 79557K, capacity 82942K, committed 83200K, reserved 1124352K
  class space    used 7776K, capacity 9074K, committed 9216K, reserved 1048576K
}
Event: 2038.843 GC heap before
{Heap before GC invocations=3627 (full 68):
 PSYoungGen      total 3584K, used 3232K [0x00000000eab00000, 0x00000000eaf80000, 0x0000000100000000)
  eden space 3072K, 100% used [0x00000000eab00000,0x00000000eae00000,0x00000000eae00000)
  from space 512K, 31% used [0x00000000eaf00000,0x00000000eaf28000,0x00000000eaf80000)
  to   space 512K, 0% used [0x00000000eae80000,0x00000000eae80000,0x00000000eaf00000)
 ParOldGen       total 156672K, used 154238K [0x00000000c0000000, 0x00000000c9900000, 0x00000000eab00000)
  object space 156672K, 98% used [0x00000000c0000000,0x00000000c969fbc8,0x00000000c9900000)
 Metaspace       used 79557K, capacity 82942K, committed 83200K, reserved 1124352K
  class space    used 7776K, capacity 9074K, committed 9216K, reserved 1048576K
}
Event: 2038.845 GC heap after
{Heap after GC invocations=3627 (full 68):
 PSYoungGen      total 3584K, used 192K [0x00000000eab00000, 0x00000000eaf80000, 0x0000000100000000)
  eden space 3072K, 0% used [0x00000000eab00000,0x00000000eab00000,0x00000000eae00000)
  from space 512K, 37% used [0x00000000eae80000,0x00000000eaeb0000,0x00000000eaf00000)
  to   space 512K, 0% used [0x00000000eaf00000,0x00000000eaf00000,0x00000000eaf80000)
 ParOldGen       total 156672K, used 154270K [0x00000000c0000000, 0x00000000c9900000, 0x00000000eab00000)
  object space 156672K, 98% used [0x00000000c0000000,0x00000000c96a7bc8,0x00000000c9900000)
 Metaspace       used 79557K, capacity 82942K, committed 83200K, reserved 1124352K
  class space    used 7776K, capacity 9074K, committed 9216K, reserved 1048576K
}
Event: 2039.197 GC heap before
{Heap before GC invocations=3628 (full 68):
 PSYoungGen      total 3584K, used 3264K [0x00000000eab00000, 0x00000000eaf80000, 0x0000000100000000)
  eden space 3072K, 100% used [0x00000000eab00000,0x00000000eae00000,0x00000000eae00000)
  from space 512K, 37% used [0x00000000eae80000,0x00000000eaeb0000,0x00000000eaf00000)
  to   space 512K, 0% used [0x00000000eaf00000,0x00000000eaf00000,0x00000000eaf80000)
 ParOldGen       total 156672K, used 154270K [0x00000000c0000000, 0x00000000c9900000, 0x00000000eab00000)
  object space 156672K, 98% used [0x00000000c0000000,0x00000000c96a7bc8,0x00000000c9900000)
 Metaspace       used 79557K, capacity 82942K, committed 83200K, reserved 1124352K
  class space    used 7776K, capacity 9074K, committed 9216K, reserved 1048576K
}
Event: 2039.198 GC heap after
{Heap after GC invocations=3628 (full 68):
 PSYoungGen      total 3584K, used 288K [0x00000000eab00000, 0x00000000eaf80000, 0x0000000100000000)
  eden space 3072K, 0% used [0x00000000eab00000,0x00000000eab00000,0x00000000eae00000)
  from space 512K, 56% used [0x00000000eaf00000,0x00000000eaf48000,0x00000000eaf80000)
  to   space 512K, 0% used [0x00000000eae80000,0x00000000eae80000,0x00000000eaf00000)
 ParOldGen       total 156672K, used 154294K [0x00000000c0000000, 0x00000000c9900000, 0x00000000eab00000)
  object space 156672K, 98% used [0x00000000c0000000,0x00000000c96adbc8,0x00000000c9900000)
 Metaspace       used 79557K, capacity 82942K, committed 83200K, reserved 1124352K
  class space    used 7776K, capacity 9074K, committed 9216K, reserved 1048576K
}
Event: 2039.208 GC heap before
{Heap before GC invocations=3629 (full 68):
 PSYoungGen      total 3584K, used 3360K [0x00000000eab00000, 0x00000000eaf80000, 0x0000000100000000)
  eden space 3072K, 100% used [0x00000000eab00000,0x00000000eae00000,0x00000000eae00000)
  from space 512K, 56% used [0x00000000eaf00000,0x00000000eaf48000,0x00000000eaf80000)
  to   space 512K, 0% used [0x00000000eae80000,0x00000000eae80000,0x00000000eaf00000)
 ParOldGen       total 156672K, used 154294K [0x00000000c0000000, 0x00000000c9900000, 0x00000000eab00000)
  object space 156672K, 98% used [0x00000000c0000000,0x00000000c96adbc8,0x00000000c9900000)
 Metaspace       used 79557K, capacity 82942K, committed 83200K, reserved 1124352K
  class space    used 7776K, capacity 9074K, committed 9216K, reserved 1048576K
}
Event: 2039.210 GC heap after
{Heap after GC invocations=3629 (full 68):
 PSYoungGen      total 3584K, used 192K [0x00000000eab00000, 0x00000000eaf80000, 0x0000000100000000)
  eden space 3072K, 0% used [0x00000000eab00000,0x00000000eab00000,0x00000000eae00000)
  from space 512K, 37% used [0x00000000eae80000,0x00000000eaeb0000,0x00000000eaf00000)
  to   space 512K, 0% used [0x00000000eaf00000,0x00000000eaf00000,0x00000000eaf80000)
 ParOldGen       total 156672K, used 154439K [0x00000000c0000000, 0x00000000c9900000, 0x00000000eab00000)
  object space 156672K, 98% used [0x00000000c0000000,0x00000000c96d1eb8,0x00000000c9900000)
 Metaspace       used 79557K, capacity 82942K, committed 83200K, reserved 1124352K
  class space    used 7776K, capacity 9074K, committed 9216K, reserved 1048576K
}
Event: 2039.220 GC heap before
{Heap before GC invocations=3630 (full 68):
 PSYoungGen      total 3584K, used 3264K [0x00000000eab00000, 0x00000000eaf80000, 0x0000000100000000)
  eden space 3072K, 100% used [0x00000000eab00000,0x00000000eae00000,0x00000000eae00000)
  from space 512K, 37% used [0x00000000eae80000,0x00000000eaeb0000,0x00000000eaf00000)
  to   space 512K, 0% used [0x00000000eaf00000,0x00000000eaf00000,0x00000000eaf80000)
 ParOldGen       total 156672K, used 154439K [0x00000000c0000000, 0x00000000c9900000, 0x00000000eab00000)
  object space 156672K, 98% used [0x00000000c0000000,0x00000000c96d1eb8,0x00000000c9900000)
 Metaspace       used 79557K, capacity 82942K, committed 83200K, reserved 1124352K
  class space    used 7776K, capacity 9074K, committed 9216K, reserved 1048576K
}
Event: 2039.221 GC heap after
{Heap after GC invocations=3630 (full 68):
 PSYoungGen      total 3584K, used 224K [0x00000000eab00000, 0x00000000eaf80000, 0x0000000100000000)
  eden space 3072K, 0% used [0x00000000eab00000,0x00000000eab00000,0x00000000eae00000)
  from space 512K, 43% used [0x00000000eaf00000,0x00000000eaf38000,0x00000000eaf80000)
  to   space 512K, 0% used [0x00000000eae80000,0x00000000eae80000,0x00000000eaf00000)
 ParOldGen       total 156672K, used 154487K [0x00000000c0000000, 0x00000000c9900000, 0x00000000eab00000)
  object space 156672K, 98% used [0x00000000c0000000,0x00000000c96ddeb8,0x00000000c9900000)
 Metaspace       used 79557K, capacity 82942K, committed 83200K, reserved 1124352K
  class space    used 7776K, capacity 9074K, committed 9216K, reserved 1048576K
}
Event: 2039.755 GC heap before
{Heap before GC invocations=3631 (full 68):
 PSYoungGen      total 3584K, used 3296K [0x00000000eab00000, 0x00000000eaf80000, 0x0000000100000000)
  eden space 3072K, 100% used [0x00000000eab00000,0x00000000eae00000,0x00000000eae00000)
  from space 512K, 43% used [0x00000000eaf00000,0x00000000eaf38000,0x00000000eaf80000)
  to   space 512K, 0% used [0x00000000eae80000,0x00000000eae80000,0x00000000eaf00000)
 ParOldGen       total 156672K, used 154487K [0x00000000c0000000, 0x00000000c9900000, 0x00000000eab00000)
  object space 156672K, 98% used [0x00000000c0000000,0x00000000c96ddeb8,0x00000000c9900000)
 Metaspace       used 79561K, capacity 82942K, committed 83200K, reserved 1124352K
  class space    used 7776K, capacity 9074K, committed 9216K, reserved 1048576K
}
Event: 2039.757 GC heap after
{Heap after GC invocations=3631 (full 68):
 PSYoungGen      total 3584K, used 502K [0x00000000eab00000, 0x00000000eb200000, 0x0000000100000000)
  eden space 3072K, 0% used [0x00000000eab00000,0x00000000eab00000,0x00000000eae00000)
  from space 512K, 98% used [0x00000000eae80000,0x00000000eaefd888,0x00000000eaf00000)
  to   space 2048K, 0% used [0x00000000eb000000,0x00000000eb000000,0x00000000eb200000)
 ParOldGen       total 156672K, used 155765K [0x00000000c0000000, 0x00000000c9900000, 0x00000000eab00000)
  object space 156672K, 99% used [0x00000000c0000000,0x00000000c981d740,0x00000000c9900000)
 Metaspace       used 79561K, capacity 82942K, committed 83200K, reserved 1124352K
  class space    used 7776K, capacity 9074K, committed 9216K, reserved 1048576K
}
Event: 2039.757 GC heap before
{Heap before GC invocations=3632 (full 69):
 PSYoungGen      total 3584K, used 502K [0x00000000eab00000, 0x00000000eb200000, 0x0000000100000000)
  eden space 3072K, 0% used [0x00000000eab00000,0x00000000eab00000,0x00000000eae00000)
  from space 512K, 98% used [0x00000000eae80000,0x00000000eaefd888,0x00000000eaf00000)
  to   space 2048K, 0% used [0x00000000eb000000,0x00000000eb000000,0x00000000eb200000)
 ParOldGen       total 156672K, used 155765K [0x00000000c0000000, 0x00000000c9900000, 0x00000000eab00000)
  object space 156672K, 99% used [0x00000000c0000000,0x00000000c981d740,0x00000000c9900000)
 Metaspace       used 79561K, capacity 82942K, committed 83200K, reserved 1124352K
  class space    used 7776K, capacity 9074K, committed 9216K, reserved 1048576K
}

Deoptimization events (20 events):
Event: 2029.387 Thread 0x000001d3b4bf3800 Uncommon trap: trap_request=0xffffff45 fr.pc=0x000001d3a891f6fc relative=0x000000000000461c
Event: 2029.387 Thread 0x000001d3b4bf3800 Uncommon trap: reason=unstable_if action=reinterpret pc=0x000001d3a891f6fc method=org.eclipse.jdt.core.dom.DefaultBindingResolver.resolveName(Lorg/eclipse/jdt/core/dom/Name;)Lorg/eclipse/jdt/core/dom/IBinding; @ 231 c2
Event: 2029.387 Thread 0x000001d3b4bf3800 DEOPT PACKING pc=0x000001d3a891f6fc sp=0x00000017382fdf50
Event: 2029.387 Thread 0x000001d3b4bf3800 DEOPT UNPACKING pc=0x000001d39fbf912f sp=0x00000017382fdf00 mode 2
Event: 2036.937 Thread 0x000001d3c076a800 Uncommon trap: trap_request=0xffffffbe fr.pc=0x000001d3a8c439e4 relative=0x0000000000000824
Event: 2036.937 Thread 0x000001d3c076a800 Uncommon trap: reason=profile_predicate action=maybe_recompile pc=0x000001d3a8c439e4 method=org.eclipse.jdt.core.dom.rewrite.ASTRewrite.getRootNode()Lorg/eclipse/jdt/core/dom/ASTNode; @ 111 c2
Event: 2036.937 Thread 0x000001d3c076a800 DEOPT PACKING pc=0x000001d3a8c439e4 sp=0x0000001738afeb10
Event: 2036.937 Thread 0x000001d3c076a800 DEOPT UNPACKING pc=0x000001d39fbf912f sp=0x0000001738afeab0 mode 2
Event: 2036.940 Thread 0x000001d3c076a800 Uncommon trap: trap_request=0xffffffbe fr.pc=0x000001d3a8c439e4 relative=0x0000000000000824
Event: 2036.940 Thread 0x000001d3c076a800 Uncommon trap: reason=profile_predicate action=maybe_recompile pc=0x000001d3a8c439e4 method=org.eclipse.jdt.core.dom.rewrite.ASTRewrite.getRootNode()Lorg/eclipse/jdt/core/dom/ASTNode; @ 111 c2
Event: 2036.940 Thread 0x000001d3c076a800 DEOPT PACKING pc=0x000001d3a8c439e4 sp=0x0000001738afeb10
Event: 2036.940 Thread 0x000001d3c076a800 DEOPT UNPACKING pc=0x000001d39fbf912f sp=0x0000001738afeab0 mode 2
Event: 2037.437 Thread 0x000001d3b43e9800 Uncommon trap: trap_request=0xffffff76 fr.pc=0x000001d3a79609ac relative=0x000000000000264c
Event: 2037.437 Thread 0x000001d3b43e9800 Uncommon trap: reason=predicate action=maybe_recompile pc=0x000001d3a79609ac method=org.eclipse.jdt.internal.core.index.DiskIndex.readChunk([Ljava/lang/String;Ljava/io/InputStream;II)V @ 28 c2
Event: 2037.437 Thread 0x000001d3b43e9800 DEOPT PACKING pc=0x000001d3a79609ac sp=0x00000017389fe950
Event: 2037.437 Thread 0x000001d3b43e9800 DEOPT UNPACKING pc=0x000001d39fbf912f sp=0x00000017389fe978 mode 2
Event: 2039.748 Thread 0x000001d3c076a800 Uncommon trap: trap_request=0xffffff76 fr.pc=0x000001d3a86aa378 relative=0x0000000000000798
Event: 2039.748 Thread 0x000001d3c076a800 Uncommon trap: reason=predicate action=maybe_recompile pc=0x000001d3a86aa378 method=org.eclipse.jdt.internal.compiler.parser.Parser.consumeNonTypeUseName()V @ 82 c2
Event: 2039.748 Thread 0x000001d3c076a800 DEOPT PACKING pc=0x000001d3a86aa378 sp=0x0000001738afe480
Event: 2039.748 Thread 0x000001d3c076a800 DEOPT UNPACKING pc=0x000001d39fbf912f sp=0x0000001738afe3b8 mode 2

Classes unloaded (20 events):
Event: 923.588 Thread 0x000001d39777d800 Unloading class 0x0000000800c18040 'java/lang/invoke/LambdaForm$MH'
Event: 923.588 Thread 0x000001d39777d800 Unloading class 0x0000000800c02440 'java/lang/invoke/LambdaForm$MH'
Event: 923.588 Thread 0x000001d39777d800 Unloading class 0x0000000800c02c40 'java/lang/invoke/LambdaForm$MH'
Event: 923.588 Thread 0x000001d39777d800 Unloading class 0x0000000800c02840 'java/lang/invoke/LambdaForm$MH'
Event: 923.588 Thread 0x000001d39777d800 Unloading class 0x0000000800bce440 'jdk/internal/reflect/GeneratedMethodAccessor5'
Event: 923.588 Thread 0x000001d39777d800 Unloading class 0x0000000800bce040 'jdk/internal/reflect/GeneratedMethodAccessor4'
Event: 923.588 Thread 0x000001d39777d800 Unloading class 0x0000000800bcec40 'jdk/internal/reflect/GeneratedMethodAccessor3'
Event: 923.588 Thread 0x000001d39777d800 Unloading class 0x0000000800bce840 'jdk/internal/reflect/GeneratedMethodAccessor2'
Event: 923.588 Thread 0x000001d39777d800 Unloading class 0x0000000800bcf440 'jdk/internal/reflect/GeneratedMethodAccessor1'
Event: 923.588 Thread 0x000001d39777d800 Unloading class 0x0000000800bc8840 'java/lang/invoke/LambdaForm$DMH'
Event: 923.588 Thread 0x000001d39777d800 Unloading class 0x0000000800baa440 'java/lang/invoke/LambdaForm$DMH'
Event: 1868.343 Thread 0x000001d39777d800 Unloading class 0x0000000801407c40 'jdk/internal/reflect/GeneratedConstructorAccessor58'
Event: 1868.343 Thread 0x000001d39777d800 Unloading class 0x0000000801400040 'jdk/internal/reflect/GeneratedConstructorAccessor56'
Event: 1868.343 Thread 0x000001d39777d800 Unloading class 0x000000080138cc40 'jdk/internal/reflect/GeneratedConstructorAccessor55'
Event: 1868.343 Thread 0x000001d39777d800 Unloading class 0x000000080138c840 'jdk/internal/reflect/GeneratedConstructorAccessor54'
Event: 1868.343 Thread 0x000001d39777d800 Unloading class 0x000000080138d440 'jdk/internal/reflect/GeneratedConstructorAccessor53'
Event: 1868.343 Thread 0x000001d39777d800 Unloading class 0x000000080138d040 'jdk/internal/reflect/GeneratedConstructorAccessor52'
Event: 1868.343 Thread 0x000001d39777d800 Unloading class 0x000000080138dc40 'jdk/internal/reflect/GeneratedConstructorAccessor51'
Event: 1868.344 Thread 0x000001d39777d800 Unloading class 0x0000000800bca840 'jdk/internal/reflect/GeneratedConstructorAccessor2'
Event: 1868.344 Thread 0x000001d39777d800 Unloading class 0x0000000800ba7440 'jdk/internal/reflect/GeneratedConstructorAccessor1'

Classes redefined (0 events):
No events

Internal exceptions (20 events):
Event: 2013.660 Thread 0x000001d3b4bf1000 Exception <a 'java/lang/ClassNotFoundException'{0x00000000eacb74f0}: sun/net/www/protocol/jdt/Handler> (0x00000000eacb74f0) 
thrown [t:/workspace/open/src/hotspot/share/classfile/systemDictionary.cpp, line 232]
Event: 2013.660 Thread 0x000001d3b4bf1000 Exception <a 'java/lang/ClassNotFoundException'{0x00000000eacb9400}: sun/net/www/protocol/jdt/Handler> (0x00000000eacb9400) 
thrown [t:/workspace/open/src/hotspot/share/classfile/systemDictionary.cpp, line 232]
Event: 2013.660 Thread 0x000001d3b4bf1000 Exception <a 'java/lang/ClassNotFoundException'{0x00000000eacbb310}: sun/net/www/protocol/jdt/Handler> (0x00000000eacbb310) 
thrown [t:/workspace/open/src/hotspot/share/classfile/systemDictionary.cpp, line 232]
Event: 2013.660 Thread 0x000001d3b4bf1000 Exception <a 'java/lang/ClassNotFoundException'{0x00000000eacbd490}: sun/net/www/protocol/jdt/Handler> (0x00000000eacbd490) 
thrown [t:/workspace/open/src/hotspot/share/classfile/systemDictionary.cpp, line 232]
Event: 2013.810 Thread 0x000001d3b4beb000 Exception <a 'java/lang/ClassNotFoundException'{0x00000000eac0b340}: sun/net/www/protocol/jdt/Handler> (0x00000000eac0b340) 
thrown [t:/workspace/open/src/hotspot/share/classfile/systemDictionary.cpp, line 232]
Event: 2013.810 Thread 0x000001d3b4beb000 Exception <a 'java/lang/ClassNotFoundException'{0x00000000eac0dd68}: sun/net/www/protocol/jdt/Handler> (0x00000000eac0dd68) 
thrown [t:/workspace/open/src/hotspot/share/classfile/systemDictionary.cpp, line 232]
Event: 2013.810 Thread 0x000001d3b4beb000 Exception <a 'java/lang/ClassNotFoundException'{0x00000000eac100c8}: sun/net/www/protocol/jdt/Handler> (0x00000000eac100c8) 
thrown [t:/workspace/open/src/hotspot/share/classfile/systemDictionary.cpp, line 232]
Event: 2013.810 Thread 0x000001d3b4beb000 Exception <a 'java/lang/ClassNotFoundException'{0x00000000eac12248}: sun/net/www/protocol/jdt/Handler> (0x00000000eac12248) 
thrown [t:/workspace/open/src/hotspot/share/classfile/systemDictionary.cpp, line 232]
Event: 2013.811 Thread 0x000001d3b4beb000 Exception <a 'java/lang/ClassNotFoundException'{0x00000000eac14158}: sun/net/www/protocol/jdt/Handler> (0x00000000eac14158) 
thrown [t:/workspace/open/src/hotspot/share/classfile/systemDictionary.cpp, line 232]
Event: 2013.811 Thread 0x000001d3b4beb000 Exception <a 'java/lang/ClassNotFoundException'{0x00000000eac16090}: sun/net/www/protocol/jdt/Handler> (0x00000000eac16090) 
thrown [t:/workspace/open/src/hotspot/share/classfile/systemDictionary.cpp, line 232]
Event: 2015.206 Thread 0x000001d3c0770000 Implicit null exception at 0x000001d3a7dc60a8 to 0x000001d3a7dc6316
Event: 2015.610 Thread 0x000001d3c0770000 Implicit null exception at 0x000001d3a7ea75be to 0x000001d3a7ea7c8e
Event: 2015.611 Thread 0x000001d3c0770000 Implicit null exception at 0x000001d3a7ad01d2 to 0x000001d3a7ad059e
Event: 2015.677 Thread 0x000001d3b4bf4000 Exception <a 'java/lang/ClassNotFoundException'{0x00000000eacc2520}: sun/net/www/protocol/jdt/Handler> (0x00000000eacc2520) 
thrown [t:/workspace/open/src/hotspot/share/classfile/systemDictionary.cpp, line 232]
Event: 2015.678 Thread 0x000001d3b4bf4000 Exception <a 'java/lang/ClassNotFoundException'{0x00000000eacc4bf0}: sun/net/www/protocol/jdt/Handler> (0x00000000eacc4bf0) 
thrown [t:/workspace/open/src/hotspot/share/classfile/systemDictionary.cpp, line 232]
Event: 2021.654 Thread 0x000001d3c21b4800 Exception <a 'java/lang/ClassNotFoundException'{0x00000000eae3b518}: sun/net/www/protocol/jdt/Handler> (0x00000000eae3b518) 
thrown [t:/workspace/open/src/hotspot/share/classfile/systemDictionary.cpp, line 232]
Event: 2021.654 Thread 0x000001d3c21b4800 Exception <a 'java/lang/ClassNotFoundException'{0x00000000eae3d448}: sun/net/www/protocol/jdt/Handler> (0x00000000eae3d448) 
thrown [t:/workspace/open/src/hotspot/share/classfile/systemDictionary.cpp, line 232]
Event: 2021.654 Thread 0x000001d3c21b4800 Exception <a 'java/lang/ClassNotFoundException'{0x00000000eae3f5d8}: sun/net/www/protocol/jdt/Handler> (0x00000000eae3f5d8) 
thrown [t:/workspace/open/src/hotspot/share/classfile/systemDictionary.cpp, line 232]
Event: 2028.934 Thread 0x000001d3c0769800 Implicit null exception at 0x000001d3a8af0ae9 to 0x000001d3a8af22ba
Event: 2028.996 Thread 0x000001d3c21b7000 Exception <a 'java/lang/ClassNotFoundException'{0x00000000ead5c2d0}: sun/net/www/protocol/jdt/Handler> (0x00000000ead5c2d0) 
thrown [t:/workspace/open/src/hotspot/share/classfile/systemDictionary.cpp, line 232]

Events (20 events):
Event: 2038.154 Thread 0x000001d3b4bf9000 Thread exited: 0x000001d3b4bf9000
Event: 2038.406 Executing VM operation: ParallelGCFailedAllocation
Event: 2038.411 Executing VM operation: ParallelGCFailedAllocation done
Event: 2038.421 Executing VM operation: ParallelGCFailedAllocation
Event: 2038.423 Executing VM operation: ParallelGCFailedAllocation done
Event: 2038.434 Executing VM operation: ParallelGCFailedAllocation
Event: 2038.437 Executing VM operation: ParallelGCFailedAllocation done
Event: 2038.818 Executing VM operation: ParallelGCFailedAllocation
Event: 2038.821 Executing VM operation: ParallelGCFailedAllocation done
Event: 2038.832 Executing VM operation: ParallelGCFailedAllocation
Event: 2038.834 Executing VM operation: ParallelGCFailedAllocation done
Event: 2038.843 Executing VM operation: ParallelGCFailedAllocation
Event: 2038.845 Executing VM operation: ParallelGCFailedAllocation done
Event: 2039.197 Executing VM operation: ParallelGCFailedAllocation
Event: 2039.198 Executing VM operation: ParallelGCFailedAllocation done
Event: 2039.207 Executing VM operation: ParallelGCFailedAllocation
Event: 2039.210 Executing VM operation: ParallelGCFailedAllocation done
Event: 2039.220 Executing VM operation: ParallelGCFailedAllocation
Event: 2039.221 Executing VM operation: ParallelGCFailedAllocation done
Event: 2039.755 Executing VM operation: ParallelGCFailedAllocation


Dynamic libraries:
0x00007ff772530000 - 0x00007ff77253f000 	C:\Program Files\Java\jdk-13\bin\java.exe
0x00007ff9f3d50000 - 0x00007ff9f3f45000 	C:\WINDOWS\SYSTEM32\ntdll.dll
0x00007ff9f2f70000 - 0x00007ff9f302d000 	C:\WINDOWS\System32\KERNEL32.DLL
0x00007ff9f1960000 - 0x00007ff9f1c29000 	C:\WINDOWS\System32\KERNELBASE.dll
0x00007ff9f1c60000 - 0x00007ff9f1d60000 	C:\WINDOWS\System32\ucrtbase.dll
0x00007ff9ed3c0000 - 0x00007ff9ed3d5000 	C:\Program Files\Java\jdk-13\bin\VCRUNTIME140.dll
0x00007ff9ed3e0000 - 0x00007ff9ed3f8000 	C:\Program Files\Java\jdk-13\bin\jli.dll
0x00007ff9f37b0000 - 0x00007ff9f385c000 	C:\WINDOWS\System32\ADVAPI32.dll
0x00007ff9f2420000 - 0x00007ff9f24be000 	C:\WINDOWS\System32\msvcrt.dll
0x00007ff9f2200000 - 0x00007ff9f229c000 	C:\WINDOWS\System32\sechost.dll
0x00007ff9f1e10000 - 0x00007ff9f1f3b000 	C:\WINDOWS\System32\RPCRT4.dll
0x00007ff9f1f50000 - 0x00007ff9f20f0000 	C:\WINDOWS\System32\USER32.dll
0x00007ff9e1fd0000 - 0x00007ff9e226a000 	C:\WINDOWS\WinSxS\amd64_microsoft.windows.common-controls_6595b64144ccf1df_6.0.19041.844_none_ca00b6081b84eb1d\COMCTL32.dll
0x00007ff9f1c30000 - 0x00007ff9f1c52000 	C:\WINDOWS\System32\win32u.dll
0x00007ff9f22a0000 - 0x00007ff9f22ca000 	C:\WINDOWS\System32\GDI32.dll
0x00007ff9f1740000 - 0x00007ff9f184b000 	C:\WINDOWS\System32\gdi32full.dll
0x00007ff9f1540000 - 0x00007ff9f15dd000 	C:\WINDOWS\System32\msvcp_win.dll
0x00007ff9e4260000 - 0x00007ff9e426a000 	C:\WINDOWS\SYSTEM32\VERSION.dll
0x00007ff9f3ce0000 - 0x00007ff9f3d10000 	C:\WINDOWS\System32\IMM32.DLL
0x00007ff9ed320000 - 0x00007ff9ed3bb000 	C:\Program Files\Java\jdk-13\bin\msvcp140.dll
0x00007ff9ca4b0000 - 0x00007ff9cb016000 	C:\Program Files\Java\jdk-13\bin\server\jvm.dll
0x00007ff9f22d0000 - 0x00007ff9f22d8000 	C:\WINDOWS\System32\PSAPI.DLL
0x00007ff9d4900000 - 0x00007ff9d4909000 	C:\WINDOWS\SYSTEM32\WSOCK32.dll
0x00007ff9e2420000 - 0x00007ff9e2447000 	C:\WINDOWS\SYSTEM32\WINMM.dll
0x00007ff9f3af0000 - 0x00007ff9f3b5b000 	C:\WINDOWS\System32\WS2_32.dll
0x00007ff9ef3f0000 - 0x00007ff9ef402000 	C:\WINDOWS\SYSTEM32\kernel.appcore.dll
0x00007ff9ca350000 - 0x00007ff9ca360000 	C:\Program Files\Java\jdk-13\bin\verify.dll
0x00007ff9e3960000 - 0x00007ff9e3b44000 	C:\WINDOWS\SYSTEM32\DBGHELP.DLL
0x00007ff9d2ec0000 - 0x00007ff9d2eec000 	C:\WINDOWS\SYSTEM32\dbgcore.DLL
0x00007ff9f1850000 - 0x00007ff9f18d0000 	C:\WINDOWS\System32\bcryptPrimitives.dll
0x00007ff9ca320000 - 0x00007ff9ca346000 	C:\Program Files\Java\jdk-13\bin\java.dll
0x00007ff9ca300000 - 0x00007ff9ca317000 	C:\Program Files\Java\jdk-13\bin\zip.dll
0x00007ff9ca4a0000 - 0x00007ff9ca4aa000 	C:\Program Files\Java\jdk-13\bin\jimage.dll
0x00007ff9f24c0000 - 0x00007ff9f2c02000 	C:\WINDOWS\System32\SHELL32.dll
0x00007ff9ef5f0000 - 0x00007ff9efd80000 	C:\WINDOWS\SYSTEM32\windows.storage.dll
0x00007ff9f2c10000 - 0x00007ff9f2f65000 	C:\WINDOWS\System32\combase.dll
0x00007ff9f0e90000 - 0x00007ff9f0ebc000 	C:\WINDOWS\SYSTEM32\Wldp.dll
0x00007ff9f20f0000 - 0x00007ff9f219e000 	C:\WINDOWS\System32\SHCORE.dll
0x00007ff9f21a0000 - 0x00007ff9f21f5000 	C:\WINDOWS\System32\shlwapi.dll
0x00007ff9f13d0000 - 0x00007ff9f13ef000 	C:\WINDOWS\SYSTEM32\profapi.dll
0x00007ff9c5c20000 - 0x00007ff9c5c39000 	C:\Program Files\Java\jdk-13\bin\net.dll
0x00007ff9e8890000 - 0x00007ff9e899c000 	C:\WINDOWS\SYSTEM32\WINHTTP.dll
0x00007ff9d8da0000 - 0x00007ff9d8f8e000 	C:\WINDOWS\SYSTEM32\urlmon.dll
0x00007ff9da820000 - 0x00007ff9daad0000 	C:\WINDOWS\SYSTEM32\iertutil.dll
0x00007ff9f0c10000 - 0x00007ff9f0c7a000 	C:\WINDOWS\system32\mswsock.dll
0x00007ff9c5b00000 - 0x00007ff9c5b13000 	C:\Program Files\Java\jdk-13\bin\nio.dll
0x00007ff9f0df0000 - 0x00007ff9f0e08000 	C:\WINDOWS\SYSTEM32\CRYPTSP.dll
0x00007ff9f0550000 - 0x00007ff9f0584000 	C:\WINDOWS\system32\rsaenh.dll
0x00007ff9f18d0000 - 0x00007ff9f18f7000 	C:\WINDOWS\System32\bcrypt.dll
0x00007ff9f1390000 - 0x00007ff9f13be000 	C:\WINDOWS\SYSTEM32\USERENV.dll
0x00007ff9f0de0000 - 0x00007ff9f0dec000 	C:\WINDOWS\SYSTEM32\CRYPTBASE.dll
0x00007ff9f08a0000 - 0x00007ff9f08db000 	C:\WINDOWS\SYSTEM32\IPHLPAPI.DLL
0x00007ff9f22e0000 - 0x00007ff9f22e8000 	C:\WINDOWS\System32\NSI.dll
0x00007ff9e9b20000 - 0x00007ff9e9b37000 	C:\WINDOWS\SYSTEM32\dhcpcsvc6.DLL
0x00007ff9e9c10000 - 0x00007ff9e9c2d000 	C:\WINDOWS\SYSTEM32\dhcpcsvc.DLL
0x00007ff9f08e0000 - 0x00007ff9f09ab000 	C:\WINDOWS\SYSTEM32\DNSAPI.dll
0x00007ff9b95e0000 - 0x00007ff9b9609000 	C:\Users\umihara\AppData\Roaming\Code\User\globalStorage\redhat.java\0.76.0\config_win\org.eclipse.equinox.launcher\org.eclipse.equinox.launcher.win32.win32.x86_64_1.2.100.v20210209-1541\eclipse_11301.dll
0x00007ff9b8930000 - 0x00007ff9b8941000 	C:\Users\umihara\AppData\Roaming\Code\User\globalStorage\redhat.java\0.76.0\config_win\org.eclipse.osgi\23\0\.cp\jWinHttp-1.0.0.dll
0x00007ff9f22f0000 - 0x00007ff9f241a000 	C:\WINDOWS\System32\ole32.dll
0x00007ff9d73b0000 - 0x00007ff9d73d5000 	C:\Program Files\Java\jdk-13\bin\sunec.dll
0x00007ff9ed310000 - 0x00007ff9ed31e000 	C:\Program Files\Java\jdk-13\bin\sunmscapi.dll
0x00007ff9f15e0000 - 0x00007ff9f173f000 	C:\WINDOWS\System32\CRYPT32.dll
0x00007ff9f0f70000 - 0x00007ff9f0f97000 	C:\WINDOWS\SYSTEM32\ncrypt.dll
0x00007ff9f0ee0000 - 0x00007ff9f0f1b000 	C:\WINDOWS\SYSTEM32\NTASN1.dll

dbghelp: loaded successfully - version: 4.0.5 - missing functions: none
symbol engine: initialized successfully - sym options: 0x614 - pdb path: .;C:\Program Files\Java\jdk-13\bin;C:\WINDOWS\SYSTEM32;C:\WINDOWS\WinSxS\amd64_microsoft.windows.common-controls_6595b64144ccf1df_6.0.19041.844_none_ca00b6081b84eb1d;C:\Program Files\Java\jdk-13\bin\server;C:\Users\umihara\AppData\Roaming\Code\User\globalStorage\redhat.java\0.76.0\config_win\org.eclipse.equinox.launcher\org.eclipse.equinox.launcher.win32.win32.x86_64_1.2.100.v20210209-1541;C:\Users\umihara\AppData\Roaming\Code\User\globalStorage\redhat.java\0.76.0\config_win\org.eclipse.osgi\23\0\.cp

VM Arguments:
jvm_args: --add-modules=ALL-SYSTEM --add-opens=java.base/java.util=ALL-UNNAMED --add-opens=java.base/java.lang=ALL-UNNAMED -Declipse.application=org.eclipse.jdt.ls.core.id1 -Dosgi.bundles.defaultStartLevel=4 -Declipse.product=org.eclipse.jdt.ls.core.product -Dfile.encoding=utf8 -DwatchParentProcess=false -XX:+UseParallelGC -XX:GCTimeRatio=4 -XX:AdaptiveSizePolicyWeight=90 -Dsun.zip.disableMemoryMapping=true -Xmx1G -Xms100m 
java_command: c:\Users\umihara\.vscode\extensions\redhat.java-0.76.0\server\plugins\org.eclipse.equinox.launcher_1.6.100.v20201223-0822.jar -configuration c:\Users\umihara\AppData\Roaming\Code\User\globalStorage\redhat.java\0.76.0\config_win -data c:\Users\umihara\AppData\Roaming\Code\User\workspaceStorage\ef3a78b7ad6609fd61aca2e8f2b6084f\redhat.java\jdt_ws
java_class_path (initial): c:\Users\umihara\.vscode\extensions\redhat.java-0.76.0\server\plugins\org.eclipse.equinox.launcher_1.6.100.v20201223-0822.jar
Launcher Type: SUN_STANDARD

[Global flags]
    uintx AdaptiveSizePolicyWeight                 = 90                                        {product} {command line}
     intx CICompilerCount                          = 4                                         {product} {ergonomic}
    uintx GCTimeRatio                              = 4                                         {product} {command line}
   size_t InitialHeapSize                          = 104857600                                 {product} {command line}
   size_t MaxHeapSize                              = 1073741824                                {product} {command line}
   size_t MaxNewSize                               = 357564416                                 {product} {ergonomic}
   size_t MinHeapDeltaBytes                        = 524288                                    {product} {ergonomic}
   size_t MinHeapSize                              = 104857600                                 {product} {command line}
   size_t NewSize                                  = 34603008                                  {product} {ergonomic}
    uintx NonNMethodCodeHeapSize                   = 5836300                                {pd product} {ergonomic}
    uintx NonProfiledCodeHeapSize                  = 122910970                              {pd product} {ergonomic}
   size_t OldSize                                  = 70254592                                  {product} {ergonomic}
    uintx ProfiledCodeHeapSize                     = 122910970                              {pd product} {ergonomic}
    uintx ReservedCodeCacheSize                    = 251658240                              {pd product} {ergonomic}
     bool SegmentedCodeCache                       = true                                      {product} {ergonomic}
   size_t SoftMaxHeapSize                          = 1073741824                             {manageable} {ergonomic}
     bool UseCompressedClassPointers               = true                                 {lp64_product} {ergonomic}
     bool UseCompressedOops                        = true                                 {lp64_product} {ergonomic}
     bool UseLargePagesIndividualAllocation        = false                                  {pd product} {ergonomic}
     bool UseParallelGC                            = true                                      {product} {command line}

Logging:
Log output configuration:
 #0: stdout all=warning uptime,level,tags
 #1: stderr all=off uptime,level,tags

Environment Variables:
JAVA_HOME=C:\Program Files\Java\jdk-13
CLASSPATH=D:\BUPT\Software\Lingo\Lingo14.jar
PATH=D:\BUPT\Software\;C:\ProgramData\Oracle\Java\javapath;C:\Program Files (x86)\Intel\Intel(R) Management Engine Components\iCLS\;C:\Program Files\Intel\Intel(R) Management Engine Components\iCLS\;C:\Windows\system32;C:\Windows;C:\Windows\System32\Wbem;C:\Windows\System32\WindowsPowerShell\v1.0\;C:\Program Files (x86)\Intel\Intel(R) Management Engine Components\DAL;C:\Program Files\Intel\Intel(R) Management Engine Components\DAL;C:\Program Files (x86)\Intel\Intel(R) Management Engine Components\IPT;C:\Program Files\Intel\Intel(R) Management Engine Components\IPT;C:\WINDOWS\system32;C:\WINDOWS;C:\WINDOWS\System32\Wbem;C:\WINDOWS\System32\WindowsPowerShell\v1.0\;C:\WINDOWS\System32\OpenSSH\;C:\Program Files (x86)\Wolfram Research\WolframScript\;C:\Program Files\Intel\WiFi\bin\;C:\Program Files\Common Files\Intel\WirelessCommon\;C:\Program Files\Java\jdk-13\bin;C:\Program Files (x86)\NVIDIA Corporation\PhysX\Common;C:\Program Files\NVIDIA Corporation\NVIDIA NvDLISR;C:\Program Files\MySQL\MySQL Server 8.0\bin;C:\Program Files\nodejs\;C:\ProgramData\chocolatey\bin;C:\Program Files\Git\cmd;D:\Work\Pingan\IoT\Test\curl-7.72.0-win64-mingw\bin;C:\WINDOWS\system32;C:\WINDOWS;C:\WINDOWS\System32\Wbem;C:\WINDOWS\System32\WindowsPowerShell\v1.0\;C:\WINDOWS\System32\OpenSSH\;C:\Users\umihara\AppData\Local\Programs\Python\Python39;D:\BUPT\Software\Lingo\;D:\BUPT\Software\Matlab\runtime\win64;D:\BUPT\Software\Matlab\bin;D:\BUPT\Software\Matlab\polyspace\bin;D:\BUPT\Software\SDK\platform-tools;D:\BUPT\Software\SDK\emulator;D:\BUPT\Software\SDK\tools;D:\BUPT\Software\SDK\tools\bin;D:\BUPT\Software\gradle\.gradle\wrapper\dists\gradle-6.2-all\dvufqs6kielxeao781pmk5huj\gradle-6.2\bin;C:\Program Files\Java\jdk-13\bin;C:\Users\umihara\AppData\Local\Programs\Python\Python39\Scripts\;C:\Users\umihara\AppData\Local\Programs\Python\Python39\;C:\Program Files\MySQL\MySQL Shell 8.0\bin\;C:\Users\umihara\AppData\Local\Microsoft\WindowsApps;D:\Study\software\Modelsim\win64;D:\BUPT\Software\Microso
USERNAME=umihara
OS=Windows_NT
PROCESSOR_IDENTIFIER=Intel64 Family 6 Model 158 Stepping 10, GenuineIntel



---------------  S Y S T E M  ---------------

OS: Windows 10 , 64 bit Build 19041 (10.0.19041.804)

CPU:total 8 (initial active 8) (4 cores per cpu, 2 threads per core) family 6 model 158 stepping 10, cmov, cx8, fxsr, mmx, sse, sse2, sse3, ssse3, sse4.1, sse4.2, popcnt, avx, avx2, aes, clmul, erms, 3dnowpref, lzcnt, ht, tsc, tscinvbit, bmi1, bmi2, adx, fma

Memory: 4k page, system-wide physical 16226M (6589M free)
TotalPageFile size 20834M (AvailPageFile size 7772M)
current process WorkingSet (physical memory assigned to process): 473M, peak: 567M
current process commit charge ("private bytes"): 493M, peak: 616M

vm_info: Java HotSpot(TM) 64-Bit Server VM (13+33) for windows-amd64 JRE (13+33), built on Sep 18 2019 21:38:00 by "mach5one" with unknown MS VC++:1916

END.
