#
# A fatal error has been detected by the Java Runtime Environment:
#
#  EXCEPTION_ACCESS_VIOLATION (0xc0000005) at pc=0x00007ffe8004b9a0, pid=13256, tid=25824
#
# JRE version: Java(TM) SE Runtime Environment (13.0+33) (build 13+33)
# Java VM: Java HotSpot(TM) 64-Bit Server VM (13+33, mixed mode, sharing, tiered, compressed oops, parallel gc, windows-amd64)
# Problematic frame:
# V  [jvm.dll+0x67b9a0]
#
# No core dump will be written. Minidumps are not enabled by default on client versions of Windows
#
# If you would like to submit a bug report, please visit:
#   http://bugreport.java.com/bugreport/crash.jsp
#

---------------  S U M M A R Y ------------

Command Line: --add-modules=ALL-SYSTEM --add-opens=java.base/java.util=ALL-UNNAMED --add-opens=java.base/java.lang=ALL-UNNAMED -Declipse.application=org.eclipse.jdt.ls.core.id1 -Dosgi.bundles.defaultStartLevel=4 -Declipse.product=org.eclipse.jdt.ls.core.product -Dfile.encoding=utf8 -DwatchParentProcess=false -XX:+UseParallelGC -XX:GCTimeRatio=4 -XX:AdaptiveSizePolicyWeight=90 -Dsun.zip.disableMemoryMapping=true -Xmx1G -Xms100m c:\Users\umihara\.vscode\extensions\redhat.java-0.76.0\server\plugins\org.eclipse.equinox.launcher_1.6.100.v20201223-0822.jar -configuration c:\Users\umihara\AppData\Roaming\Code\User\globalStorage\redhat.java\0.76.0\config_win -data c:\Users\umihara\AppData\Roaming\Code\User\workspaceStorage\899b76b1ce4dd66ad527045252407c76\redhat.java\jdt_ws

Host: Intel(R) Core(TM) i5-8300H CPU @ 2.30GHz, 8 cores, 15G,  Windows 10 , 64 bit Build 19041 (10.0.19041.804)
Time: Thu Apr  8 19:10:57 2021 中国标准时间 elapsed time: 13 seconds (0d 0h 0m 13s)

---------------  T H R E A D  ---------------

Current thread (0x000001b69d231800):  JavaThread "C2 CompilerThread2" daemon [_thread_in_native, id=25824, stack(0x00000057a5800000,0x00000057a5900000)]


Current CompileTask:
C2:  13026 6293       4       org.eclipse.jdt.internal.compiler.util.HashtableOfObjectToInt::get (59 bytes)

Stack: [0x00000057a5800000,0x00000057a5900000],  sp=0x00000057a58fb8b0,  free space=1006k
Native frames: (J=compiled Java code, j=interpreted, Vv=VM code, C=native code)
V  [jvm.dll+0x67b9a0]
V  [jvm.dll+0x1a0f00]
V  [jvm.dll+0x2079d6]
V  [jvm.dll+0x206adf]
V  [jvm.dll+0x18b94c]
V  [jvm.dll+0x2159bd]
V  [jvm.dll+0x213e6b]
V  [jvm.dll+0x738af6]
V  [jvm.dll+0x731bea]
V  [jvm.dll+0x6260a6]
C  [ucrtbase.dll+0x21bb2]
C  [KERNEL32.DLL+0x17034]
C  [ntdll.dll+0x52651]


siginfo: EXCEPTION_ACCESS_VIOLATION (0xc0000005), reading address 0xffffffffffffffff


Register to memory mapping:

RIP=0x00007ffe8004b9a0 jvm.dll
RAX=0x000001b69349d7b0 points into unknown readable memory: 00 00 00 00 00 00 00 00
RBX=0x000001b6ff16c4a0 points into unknown readable memory: e0 c4 16 ff b6 01 00 00
RCX=0x000101b6940a5ef0 is an unknown value
RDX=0x0 is NULL
RSP=0x00000057a58fb8b0 is pointing into the stack for thread: 0x000001b69d231800
RBP=0x00000057a58fb9b0 is pointing into the stack for thread: 0x000001b69d231800
RSI=0x000001b68f67d8e0 points into unknown readable memory: e0 2a 21 80 fe 7f 00 00
RDI=0x0 is NULL
R8 =0x0 is NULL
R9 =0x00000057a58fc120 is pointing into the stack for thread: 0x000001b69d231800
R10=0x0000000000000002 is an unknown value
R11=0x0000000000000002 is an unknown value
R12=0x000000000000000b is an unknown value
R13=0x000000000000000b is an unknown value
R14=0x000001b6934cae30 points into unknown readable memory: 48 ab 1c 80 fe 7f 00 00
R15=0x000001b68f7d8dd0 points into unknown readable memory: 01 00 00 00 0c 00 00 00


Registers:
RAX=0x000001b69349d7b0, RBX=0x000001b6ff16c4a0, RCX=0x000101b6940a5ef0, RDX=0x0000000000000000
RSP=0x00000057a58fb8b0, RBP=0x00000057a58fb9b0, RSI=0x000001b68f67d8e0, RDI=0x0000000000000000
R8 =0x0000000000000000, R9 =0x00000057a58fc120, R10=0x0000000000000002, R11=0x0000000000000002
R12=0x000000000000000b, R13=0x000000000000000b, R14=0x000001b6934cae30, R15=0x000001b68f7d8dd0
RIP=0x00007ffe8004b9a0, EFLAGS=0x0000000000010297

Top of Stack: (sp=0x00000057a58fb8b0)
0x00000057a58fb8b0:   000001b68f696ae0 00000057a58fb9b0
0x00000057a58fb8c0:   000001b68f680190 000001b6924fb350
0x00000057a58fb8d0:   000001b600000878 0000000000000002
0x00000057a58fb8e0:   0000000000000877 000001b6f0b00101
0x00000057a58fb8f0:   0000000000002701 00000057a58fbbc0
0x00000057a58fb900:   0000000000000001 000000002300f0d3
0x00000057a58fb910:   000000010000000d 000001b68f67d8e0
0x00000057a58fb920:   0000000b00000004 000001b6ff16c4a0
0x00000057a58fb930:   0000000000000002 000001b6934cae30
0x00000057a58fb940:   000000000000000d 000001b68f7d8dc0
0x00000057a58fb950:   000001a700000000 000001b68f7d8dd0
0x00000057a58fb960:   000001b68f7d8a60 000001b68f7d6f40
0x00000057a58fb970:   000001b68f7d7cd0 000007f300000000
0x00000057a58fb980:   00000057a58fbe60 0000005700000016
0x00000057a58fb990:   000001b68f7d2fa0 0000000000000000
0x00000057a58fb9a0:   000000020000000c 000001b68f7d4f70 

Instructions: (pc=0x00007ffe8004b9a0)
0x00007ffe8004b8a0:   01 00 00 48 63 4a 28 3b 3c 88 75 73 49 8b ce e8
0x00007ffe8004b8b0:   dc 9f fd ff 4d 8b 46 08 49 8b 0c d8 48 85 c9 74
0x00007ffe8004b8c0:   26 48 8b 79 10 48 85 ff 74 1d 8b 41 20 48 8d 14
0x00007ffe8004b8d0:   c7 4c 39 72 f8 48 8d 52 f8 75 f6 ff c8 89 41 20
0x00007ffe8004b8e0:   48 8b 0c c7 48 89 0a 8b 95 28 03 00 00 48 8d 4e
0x00007ffe8004b8f0:   10 45 33 ed 4d 89 2c d8 e8 f3 ec f8 ff ff 4e 28
0x00007ffe8004b900:   8b 85 28 03 00 00 ff 4e 70 ff c8 ff 4e 78 4c 8b
0x00007ffe8004b910:   7d 98 ff c0 89 85 28 03 00 00 e9 03 fb ff ff 41
0x00007ffe8004b920:   0f b6 46 2c 24 7f 3c 4a 0f 84 7b 06 00 00 49 8b
0x00007ffe8004b930:   06 49 8b ce ff 90 88 00 00 00 48 89 44 24 78 48
0x00007ffe8004b940:   8b d8 48 85 c0 74 0b 48 8b c8 e8 11 5a b1 ff 44
0x00007ffe8004b950:   8b e0 8b 4d 90 41 bd 01 00 00 00 44 89 64 24 60
0x00007ffe8004b960:   44 89 6c 24 74 8d 41 ff 89 45 f0 41 3b cd 0f 86
0x00007ffe8004b970:   2d 06 00 00 44 3b e8 76 0e 41 8b c5 41 2b c4 a8
0x00007ffe8004b980:   01 0f 84 05 06 00 00 49 8b 46 08 4c 8b 8d 10 03
0x00007ffe8004b990:   00 00 45 8b e5 4a 8b 0c e0 49 8b 81 20 01 00 00
0x00007ffe8004b9a0:   48 63 51 28 8b 0c 90 41 3b 89 e0 00 00 00 0f 83
0x00007ffe8004b9b0:   d3 05 00 00 49 8b 41 70 8b d1 48 69 f9 a8 00 00
0x00007ffe8004b9c0:   00 48 8b 48 20 48 89 7d 18 81 7c 39 30 2f 75 00
0x00007ffe8004b9d0:   00 0f 8c b0 05 00 00 48 8b 45 f8 44 8b 34 90 48
0x00007ffe8004b9e0:   8b 45 98 45 8b fe 44 89 74 24 70 4c 89 75 58 4a
0x00007ffe8004b9f0:   8b 34 f0 48 85 db 0f 84 71 01 00 00 8b 4b 14 41
0x00007ffe8004ba00:   3b cd 77 12 44 3b 6b 18 73 0c 41 8b c5 2b c1 83
0x00007ffe8004ba10:   e0 01 84 c0 74 23 48 8b 0b 48 85 c9 0f 84 4b 01
0x00007ffe8004ba20:   00 00 41 8b d5 e8 96 88 b6 ff 84 c0 0f 84 3b 01
0x00007ffe8004ba30:   00 00 4c 8b 8d 10 03 00 00 4c 8b 7c 24 68 48 8b
0x00007ffe8004ba40:   ce 4d 8b 41 10 49 8b d7 e8 f3 18 00 00 48 8b f0
0x00007ffe8004ba50:   48 85 c0 0f 84 87 0b 00 00 4c 8b 8d 10 03 00 00
0x00007ffe8004ba60:   49 8b 79 10 8b 87 b8 01 00 00 2b 87 e0 01 00 00
0x00007ffe8004ba70:   03 05 72 23 38 00 3b 47 60 0f 87 84 12 00 00 48
0x00007ffe8004ba80:   63 5e 28 49 8d b9 08 01 00 00 8b 17 3b da 7c 48
0x00007ffe8004ba90:   3b 5f 04 7c 13 8b d3 48 8b cf e8 f1 65 a5 ff 8b 


Stack slot to memory mapping:
stack at sp + 0 slots: 0x000001b68f696ae0 points into unknown readable memory: 55 54 55 05 01 00 01 00
stack at sp + 1 slots: 0x00000057a58fb9b0 is pointing into the stack for thread: 0x000001b69d231800
stack at sp + 2 slots: 0x000001b68f680190 points into unknown readable memory: e0 2a 21 80 fe 7f 00 00
stack at sp + 3 slots: 0x000001b6924fb350 points into unknown readable memory: 10 73 22 80 fe 7f 00 00
stack at sp + 4 slots: 0x000001b600000878 is an unknown value
stack at sp + 5 slots: 0x0000000000000002 is an unknown value
stack at sp + 6 slots: 0x0000000000000877 is an unknown value
stack at sp + 7 slots: 0x000001b6f0b00101 points into unknown readable memory: 00 00 00 00 00 00 00


---------------  P R O C E S S  ---------------

Threads class SMR info:
_java_thread_list=0x000001b69c99b3a0, length=34, elements={
0x000001b6f2be8000, 0x000001b6fdcd6000, 0x000001b6fdcd9000, 0x000001b6f2ca5000,
0x000001b6f2ca9800, 0x000001b6f2cab000, 0x000001b6f2cae000, 0x000001b6f2cb3800,
0x000001b6fef62000, 0x000001b6ff03b800, 0x000001b68f5e8800, 0x000001b68f55a800,
0x000001b68f65f000, 0x000001b68fd5d800, 0x000001b68fa17800, 0x000001b68fa54800,
0x000001b68fe65800, 0x000001b68ff0b800, 0x000001b69046c000, 0x000001b690576800,
0x000001b69057b000, 0x000001b69057c000, 0x000001b69057a800, 0x000001b69057d000,
0x000001b690578000, 0x000001b690578800, 0x000001b690579800, 0x000001b692550000,
0x000001b692551000, 0x000001b692551800, 0x000001b69254c000, 0x000001b692552800,
0x000001b69edd8800, 0x000001b69d231800
}

Java Threads: ( => current thread )
  0x000001b6f2be8000 JavaThread "main" [_thread_blocked, id=10428, stack(0x00000057a3600000,0x00000057a3700000)]
  0x000001b6fdcd6000 JavaThread "Reference Handler" daemon [_thread_blocked, id=24772, stack(0x00000057a3900000,0x00000057a3a00000)]
  0x000001b6fdcd9000 JavaThread "Finalizer" daemon [_thread_blocked, id=8300, stack(0x00000057a3a00000,0x00000057a3b00000)]
  0x000001b6f2ca5000 JavaThread "Signal Dispatcher" daemon [_thread_blocked, id=3292, stack(0x00000057a3b00000,0x00000057a3c00000)]
  0x000001b6f2ca9800 JavaThread "Attach Listener" daemon [_thread_blocked, id=15580, stack(0x00000057a3c00000,0x00000057a3d00000)]
  0x000001b6f2cab000 JavaThread "C2 CompilerThread0" daemon [_thread_blocked, id=17544, stack(0x00000057a3d00000,0x00000057a3e00000)]
  0x000001b6f2cae000 JavaThread "C1 CompilerThread0" daemon [_thread_blocked, id=10156, stack(0x00000057a3e00000,0x00000057a3f00000)]
  0x000001b6f2cb3800 JavaThread "Sweeper thread" daemon [_thread_blocked, id=17464, stack(0x00000057a3f00000,0x00000057a4000000)]
  0x000001b6fef62000 JavaThread "Common-Cleaner" daemon [_thread_blocked, id=7936, stack(0x00000057a4000000,0x00000057a4100000)]
  0x000001b6ff03b800 JavaThread "Service Thread" daemon [_thread_blocked, id=4048, stack(0x00000057a4200000,0x00000057a4300000)]
  0x000001b68f5e8800 JavaThread "Active Thread: Equinox Container: a7bf67ed-1f46-4b53-9db4-b8f8913ebbb9" [_thread_blocked, id=22128, stack(0x00000057a4600000,0x00000057a4700000)]
  0x000001b68f55a800 JavaThread "Framework Event Dispatcher: Equinox Container: a7bf67ed-1f46-4b53-9db4-b8f8913ebbb9" daemon [_thread_blocked, id=14412, stack(0x00000057a4a00000,0x00000057a4b00000)]
  0x000001b68f65f000 JavaThread "Start Level: Equinox Container: a7bf67ed-1f46-4b53-9db4-b8f8913ebbb9" daemon [_thread_blocked, id=15156, stack(0x00000057a4b00000,0x00000057a4c00000)]
  0x000001b68fd5d800 JavaThread "SCR Component Actor" daemon [_thread_blocked, id=12852, stack(0x00000057a4c00000,0x00000057a4d00000)]
  0x000001b68fa17800 JavaThread "Worker-JM" [_thread_blocked, id=13416, stack(0x00000057a4e00000,0x00000057a4f00000)]
  0x000001b68fa54800 JavaThread "Worker-0" [_thread_blocked, id=5232, stack(0x00000057a4f00000,0x00000057a5000000)]
  0x000001b68fe65800 JavaThread "Worker-1" [_thread_blocked, id=10360, stack(0x00000057a5000000,0x00000057a5100000)]
  0x000001b68ff0b800 JavaThread "Worker-2: Send Classpath Notifications" [_thread_blocked, id=6944, stack(0x00000057a5400000,0x00000057a5500000)]
  0x000001b69046c000 JavaThread "Java indexing" daemon [_thread_blocked, id=6020, stack(0x00000057a5500000,0x00000057a5600000)]
  0x000001b690576800 JavaThread "logback configurator timer" daemon [_thread_blocked, id=19856, stack(0x00000057a4100000,0x00000057a4200000)]
  0x000001b69057b000 JavaThread "pool-2-thread-1" [_thread_in_native, id=9392, stack(0x00000057a5600000,0x00000057a5700000)]
  0x000001b69057c000 JavaThread "Worker-3" [_thread_blocked, id=18128, stack(0x00000057a5900000,0x00000057a5a00000)]
  0x000001b69057a800 JavaThread "Worker-4" [_thread_blocked, id=3176, stack(0x00000057a5a00000,0x00000057a5b00000)]
  0x000001b69057d000 JavaThread "Worker-5" [_thread_blocked, id=25048, stack(0x00000057a5b00000,0x00000057a5c00000)]
  0x000001b690578000 JavaThread "ForkJoinPool.commonPool-worker-3" daemon [_thread_blocked, id=25496, stack(0x00000057a5c00000,0x00000057a5d00000)]
  0x000001b690578800 JavaThread "ForkJoinPool.commonPool-worker-5" daemon [_thread_blocked, id=10616, stack(0x00000057a5e00000,0x00000057a5f00000)]
  0x000001b690579800 JavaThread "ForkJoinPool.commonPool-worker-7" daemon [_thread_blocked, id=25184, stack(0x00000057a5f00000,0x00000057a6000000)]
  0x000001b692550000 JavaThread "ForkJoinPool.commonPool-worker-9" daemon [_thread_blocked, id=14820, stack(0x00000057a6000000,0x00000057a6100000)]
  0x000001b692551000 JavaThread "ForkJoinPool.commonPool-worker-11" daemon [_thread_blocked, id=10344, stack(0x00000057a6100000,0x00000057a6200000)]
  0x000001b692551800 JavaThread "ForkJoinPool.commonPool-worker-13" daemon [_thread_blocked, id=13528, stack(0x00000057a5d00000,0x00000057a5e00000)]
  0x000001b69254c000 JavaThread "Bundle File Closer" daemon [_thread_blocked, id=16788, stack(0x00000057a6200000,0x00000057a6300000)]
  0x000001b692552800 JavaThread "ForkJoinPool.commonPool-worker-15" daemon [_thread_blocked, id=6428, stack(0x00000057a4d00000,0x00000057a4e00000)]
  0x000001b69edd8800 JavaThread "C2 CompilerThread1" daemon [_thread_in_native, id=25820, stack(0x00000057a5700000,0x00000057a5800000)]
=>0x000001b69d231800 JavaThread "C2 CompilerThread2" daemon [_thread_in_native, id=25824, stack(0x00000057a5800000,0x00000057a5900000)]

Other Threads:
  0x000001b6fee41000 VMThread "VM Thread" [stack: 0x00000057a3800000,0x00000057a3900000] [id=23692]
  0x000001b6feffb800 WatcherThread [stack: 0x00000057a4300000,0x00000057a4400000] [id=25548]
  0x000001b6f2c01000 GCTaskThread "ParGC Thread#0" [stack: 0x00000057a3700000,0x00000057a3800000] [id=24744]
  0x000001b68f4d3000 GCTaskThread "ParGC Thread#1" [stack: 0x00000057a4700000,0x00000057a4800000] [id=10828]
  0x000001b68f664000 GCTaskThread "ParGC Thread#2" [stack: 0x00000057a4800000,0x00000057a4900000] [id=3512]
  0x000001b68f559800 GCTaskThread "ParGC Thread#3" [stack: 0x00000057a4900000,0x00000057a4a00000] [id=11752]
  0x000001b690020800 GCTaskThread "ParGC Thread#4" [stack: 0x00000057a4500000,0x00000057a4600000] [id=9716]
  0x000001b68f93b000 GCTaskThread "ParGC Thread#5" [stack: 0x00000057a5100000,0x00000057a5200000] [id=25300]
  0x000001b68fe66000 GCTaskThread "ParGC Thread#6" [stack: 0x00000057a5200000,0x00000057a5300000] [id=15744]
  0x000001b690061800 GCTaskThread "ParGC Thread#7" [stack: 0x00000057a5300000,0x00000057a5400000] [id=21140]

Threads with active compile tasks:
C2 CompilerThread1    13157 6311   !   4       org.eclipse.jdt.internal.compiler.lookup.BinaryTypeBinding::superclass (207 bytes)
C2 CompilerThread2    13157 6293       4       org.eclipse.jdt.internal.compiler.util.HashtableOfObjectToInt::get (59 bytes)

VM state:not at safepoint (normal execution)

VM Mutex/Monitor currently owned by a thread: None

Heap address: 0x00000000c0000000, size: 1024 MB, Compressed Oops mode: 32-bit
Narrow klass base: 0x0000000800000000, Narrow klass shift: 3
Compressed class space size: 1073741824 Address: 0x0000000800b40000

Heap:
 PSYoungGen      total 19968K, used 4908K [0x00000000eab00000, 0x00000000ec800000, 0x0000000100000000)
  eden space 18432K, 19% used [0x00000000eab00000,0x00000000eae8ac90,0x00000000ebd00000)
  from space 1536K, 83% used [0x00000000ec400000,0x00000000ec5405e0,0x00000000ec580000)
  to   space 2048K, 0% used [0x00000000ec600000,0x00000000ec600000,0x00000000ec800000)
 ParOldGen       total 107520K, used 87917K [0x00000000c0000000, 0x00000000c6900000, 0x00000000eab00000)
  object space 107520K, 81% used [0x00000000c0000000,0x00000000c55db618,0x00000000c6900000)
 Metaspace       used 55169K, capacity 58345K, committed 58496K, reserved 1101824K
  class space    used 5832K, capacity 6978K, committed 7040K, reserved 1048576K

Card table byte_map: [0x000001b6f2680000,0x000001b6f2890000] _byte_map_base: 0x000001b6f2080000

Marking Bits: (ParMarkBitMap*) 0x00007ffe8046bb10
 Begin Bits: [0x000001b6fb0f0000, 0x000001b6fc0f0000)
 End Bits:   [0x000001b6fc0f0000, 0x000001b6fd0f0000)

Polling page: 0x000001b6f23c0000

Metaspace:

Usage:
  Non-class:     50.16 MB capacity,    48.18 MB ( 96%) used,     1.86 MB (  4%) free+waste,   128.88 KB ( <1%) overhead. 
      Class:      6.81 MB capacity,     5.70 MB ( 84%) used,     1.06 MB ( 16%) free+waste,    59.13 KB ( <1%) overhead. 
       Both:     56.98 MB capacity,    53.88 MB ( 95%) used,     2.92 MB (  5%) free+waste,   188.00 KB ( <1%) overhead. 

Virtual space:
  Non-class space:       52.00 MB reserved,      50.25 MB ( 97%) committed 
      Class space:        1.00 GB reserved,       6.88 MB ( <1%) committed 
             Both:        1.05 GB reserved,      57.13 MB (  5%) committed 

Chunk freelists:
   Non-Class:  0 bytes
       Class:  30.00 KB
        Both:  30.00 KB

MaxMetaspaceSize: 17179869184.00 GB
CompressedClassSpaceSize: 1.00 GB

CodeHeap 'non-profiled nmethods': size=120000Kb used=3724Kb max_used=3724Kb free=116275Kb
 bounds [0x000001b687ad0000, 0x000001b687e80000, 0x000001b68f000000]
CodeHeap 'profiled nmethods': size=120000Kb used=12656Kb max_used=12927Kb free=107344Kb
 bounds [0x000001b6805a0000, 0x000001b681260000, 0x000001b687ad0000]
CodeHeap 'non-nmethods': size=5760Kb used=1360Kb max_used=1419Kb free=4399Kb
 bounds [0x000001b680000000, 0x000001b680270000, 0x000001b6805a0000]
 total_blobs=9012 nmethods=5493 adapters=570
 compilation: enabled
              stopped_count=0, restarted_count=0
 full_count=0

Compilation events (20 events):
Event: 12.968 Thread 0x000001b6f2cae000 6371       3       org.eclipse.jdt.internal.formatter.TokenTraverser::traverse (233 bytes)
Event: 12.969 Thread 0x000001b6f2cae000 nmethod 6371 0x000001b680b43310 code [0x000001b680b43580, 0x000001b680b44350]
Event: 12.969 Thread 0x000001b6f2cae000 6374       3       java.util.concurrent.CopyOnWriteArrayList::iterator (13 bytes)
Event: 12.969 Thread 0x000001b6f2cae000 nmethod 6374 0x000001b680ba3190 code [0x000001b680ba3340, 0x000001b680ba3618]
Event: 12.969 Thread 0x000001b6f2cae000 6375       3       java.util.concurrent.CopyOnWriteArrayList$COWIterator::<init> (15 bytes)
Event: 12.969 Thread 0x000001b6f2cae000 nmethod 6375 0x000001b680ba2d10 code [0x000001b680ba2ec0, 0x000001b680ba30b8]
Event: 12.969 Thread 0x000001b6f2cae000 6377       3       java.io.StringWriter::append (6 bytes)
Event: 12.970 Thread 0x000001b6f2cae000 nmethod 6377 0x000001b680b42b10 code [0x000001b680b42ce0, 0x000001b680b431b0]
Event: 12.970 Thread 0x000001b6f2cae000 6378       3       java.io.StringWriter::append (7 bytes)
Event: 12.970 Thread 0x000001b6f2cae000 nmethod 6378 0x000001b680b42390 code [0x000001b680b42560, 0x000001b680b429d0]
Event: 12.970 Thread 0x000001b6f2cae000 6372       3       org.eclipse.jface.text.Region::<init> (15 bytes)
Event: 12.970 Thread 0x000001b6f2cae000 nmethod 6372 0x000001b680b41f10 code [0x000001b680b420c0, 0x000001b680b42298]
Event: 12.970 Thread 0x000001b6f2cae000 6373       3       java.util.concurrent.CopyOnWriteArrayList::<init> (24 bytes)
Event: 12.970 Thread 0x000001b6f2cae000 nmethod 6373 0x000001b680b41890 code [0x000001b680b41a40, 0x000001b680b41dd8]
Event: 12.990 Thread 0x000001b69edd8800 nmethod 6302 0x000001b687e65010 code [0x000001b687e653c0, 0x000001b687e67770]
Event: 12.991 Thread 0x000001b69edd8800 6376       4       org.eclipse.jface.text.DefaultLineTracker::nextDelimiterInfo (167 bytes)
Event: 12.995 Thread 0x000001b69edd8800 nmethod 6376 0x000001b687e68a10 code [0x000001b687e68bc0, 0x000001b687e68eb8]
Event: 12.995 Thread 0x000001b69edd8800 6304       4       org.eclipse.jdt.internal.compiler.lookup.TypeSystem$HashedParameterizedTypes$PTBKey::<init> (117 bytes)
Event: 13.008 Thread 0x000001b69edd8800 nmethod 6304 0x000001b687e69190 code [0x000001b687e69360, 0x000001b687e69c98]
Event: 13.008 Thread 0x000001b69edd8800 6307       4       org.eclipse.jdt.internal.compiler.util.HashtableOfObject::putUnsafely (78 bytes)

GC Heap History (20 events):
Event: 7.206 GC heap before
{Heap before GC invocations=18 (full 2):
 PSYoungGen      total 25088K, used 25087K [0x00000000eab00000, 0x00000000ece80000, 0x0000000100000000)
  eden space 22016K, 100% used [0x00000000eab00000,0x00000000ec080000,0x00000000ec080000)
  from space 3072K, 99% used [0x00000000ec100000,0x00000000ec3ffd20,0x00000000ec400000)
  to   space 7168K, 0% used [0x00000000ec780000,0x00000000ec780000,0x00000000ece80000)
 ParOldGen       total 79872K, used 68871K [0x00000000c0000000, 0x00000000c4e00000, 0x00000000eab00000)
  object space 79872K, 86% used [0x00000000c0000000,0x00000000c4341d60,0x00000000c4e00000)
 Metaspace       used 45791K, capacity 48371K, committed 48384K, reserved 1091584K
  class space    used 4987K, capacity 5887K, committed 5888K, reserved 1048576K
}
Event: 7.214 GC heap after
{Heap after GC invocations=18 (full 2):
 PSYoungGen      total 28160K, used 6048K [0x00000000eab00000, 0x00000000ecd80000, 0x0000000100000000)
  eden space 22016K, 0% used [0x00000000eab00000,0x00000000eab00000,0x00000000ec080000)
  from space 6144K, 98% used [0x00000000ec780000,0x00000000ecd68000,0x00000000ecd80000)
  to   space 6656K, 0% used [0x00000000ec080000,0x00000000ec080000,0x00000000ec700000)
 ParOldGen       total 79872K, used 70981K [0x00000000c0000000, 0x00000000c4e00000, 0x00000000eab00000)
  object space 79872K, 88% used [0x00000000c0000000,0x00000000c45514c8,0x00000000c4e00000)
 Metaspace       used 45791K, capacity 48371K, committed 48384K, reserved 1091584K
  class space    used 4987K, capacity 5887K, committed 5888K, reserved 1048576K
}
Event: 7.361 GC heap before
{Heap before GC invocations=19 (full 2):
 PSYoungGen      total 28160K, used 28064K [0x00000000eab00000, 0x00000000ecd80000, 0x0000000100000000)
  eden space 22016K, 100% used [0x00000000eab00000,0x00000000ec080000,0x00000000ec080000)
  from space 6144K, 98% used [0x00000000ec780000,0x00000000ecd68000,0x00000000ecd80000)
  to   space 6656K, 0% used [0x00000000ec080000,0x00000000ec080000,0x00000000ec700000)
 ParOldGen       total 79872K, used 70981K [0x00000000c0000000, 0x00000000c4e00000, 0x00000000eab00000)
  object space 79872K, 88% used [0x00000000c0000000,0x00000000c45514c8,0x00000000c4e00000)
 Metaspace       used 45820K, capacity 48371K, committed 48384K, reserved 1091584K
  class space    used 4989K, capacity 5887K, committed 5888K, reserved 1048576K
}
Event: 7.396 GC heap after
{Heap after GC invocations=19 (full 2):
 PSYoungGen      total 28672K, used 6624K [0x00000000eab00000, 0x00000000ef180000, 0x0000000100000000)
  eden space 22016K, 0% used [0x00000000eab00000,0x00000000eab00000,0x00000000ec080000)
  from space 6656K, 99% used [0x00000000ec080000,0x00000000ec6f8010,0x00000000ec700000)
  to   space 25088K, 0% used [0x00000000ed900000,0x00000000ed900000,0x00000000ef180000)
 ParOldGen       total 88576K, used 86229K [0x00000000c0000000, 0x00000000c5680000, 0x00000000eab00000)
  object space 88576K, 97% used [0x00000000c0000000,0x00000000c54354c8,0x00000000c5680000)
 Metaspace       used 45820K, capacity 48371K, committed 48384K, reserved 1091584K
  class space    used 4989K, capacity 5887K, committed 5888K, reserved 1048576K
}
Event: 7.396 GC heap before
{Heap before GC invocations=20 (full 3):
 PSYoungGen      total 28672K, used 6624K [0x00000000eab00000, 0x00000000ef180000, 0x0000000100000000)
  eden space 22016K, 0% used [0x00000000eab00000,0x00000000eab00000,0x00000000ec080000)
  from space 6656K, 99% used [0x00000000ec080000,0x00000000ec6f8010,0x00000000ec700000)
  to   space 25088K, 0% used [0x00000000ed900000,0x00000000ed900000,0x00000000ef180000)
 ParOldGen       total 88576K, used 86229K [0x00000000c0000000, 0x00000000c5680000, 0x00000000eab00000)
  object space 88576K, 97% used [0x00000000c0000000,0x00000000c54354c8,0x00000000c5680000)
 Metaspace       used 45820K, capacity 48371K, committed 48384K, reserved 1091584K
  class space    used 4989K, capacity 5887K, committed 5888K, reserved 1048576K
}
Event: 7.581 GC heap after
{Heap after GC invocations=20 (full 3):
 PSYoungGen      total 47104K, used 0K [0x00000000eab00000, 0x00000000ef180000, 0x0000000100000000)
  eden space 22016K, 0% used [0x00000000eab00000,0x00000000eab00000,0x00000000ec080000)
  from space 25088K, 0% used [0x00000000ed900000,0x00000000ed900000,0x00000000ef180000)
  to   space 25088K, 0% used [0x00000000ec080000,0x00000000ec080000,0x00000000ed900000)
 ParOldGen       total 107520K, used 64655K [0x00000000c0000000, 0x00000000c6900000, 0x00000000eab00000)
  object space 107520K, 60% used [0x00000000c0000000,0x00000000c3f23df8,0x00000000c6900000)
 Metaspace       used 45820K, capacity 48371K, committed 48384K, reserved 1091584K
  class space    used 4989K, capacity 5887K, committed 5888K, reserved 1048576K
}
Event: 7.685 GC heap before
{Heap before GC invocations=21 (full 3):
 PSYoungGen      total 47104K, used 22016K [0x00000000eab00000, 0x00000000ef180000, 0x0000000100000000)
  eden space 22016K, 100% used [0x00000000eab00000,0x00000000ec080000,0x00000000ec080000)
  from space 25088K, 0% used [0x00000000ed900000,0x00000000ed900000,0x00000000ef180000)
  to   space 25088K, 0% used [0x00000000ec080000,0x00000000ec080000,0x00000000ed900000)
 ParOldGen       total 107520K, used 64655K [0x00000000c0000000, 0x00000000c6900000, 0x00000000eab00000)
  object space 107520K, 60% used [0x00000000c0000000,0x00000000c3f23df8,0x00000000c6900000)
 Metaspace       used 45987K, capacity 48563K, committed 48640K, reserved 1091584K
  class space    used 4995K, capacity 5887K, committed 5888K, reserved 1048576K
}
Event: 7.696 GC heap after
{Heap after GC invocations=21 (full 3):
 PSYoungGen      total 38400K, used 16608K [0x00000000eab00000, 0x00000000ee400000, 0x0000000100000000)
  eden space 21504K, 0% used [0x00000000eab00000,0x00000000eab00000,0x00000000ec000000)
  from space 16896K, 98% used [0x00000000ec080000,0x00000000ed0b8000,0x00000000ed100000)
  to   space 18432K, 0% used [0x00000000ed200000,0x00000000ed200000,0x00000000ee400000)
 ParOldGen       total 107520K, used 64655K [0x00000000c0000000, 0x00000000c6900000, 0x00000000eab00000)
  object space 107520K, 60% used [0x00000000c0000000,0x00000000c3f23df8,0x00000000c6900000)
 Metaspace       used 45987K, capacity 48563K, committed 48640K, reserved 1091584K
  class space    used 4995K, capacity 5887K, committed 5888K, reserved 1048576K
}
Event: 8.142 GC heap before
{Heap before GC invocations=22 (full 3):
 PSYoungGen      total 38400K, used 38112K [0x00000000eab00000, 0x00000000ee400000, 0x0000000100000000)
  eden space 21504K, 100% used [0x00000000eab00000,0x00000000ec000000,0x00000000ec000000)
  from space 16896K, 98% used [0x00000000ec080000,0x00000000ed0b8000,0x00000000ed100000)
  to   space 18432K, 0% used [0x00000000ed200000,0x00000000ed200000,0x00000000ee400000)
 ParOldGen       total 107520K, used 64655K [0x00000000c0000000, 0x00000000c6900000, 0x00000000eab00000)
  object space 107520K, 60% used [0x00000000c0000000,0x00000000c3f23df8,0x00000000c6900000)
 Metaspace       used 49418K, capacity 52148K, committed 52352K, reserved 1095680K
  class space    used 5283K, capacity 6162K, committed 6272K, reserved 1048576K
}
Event: 8.153 GC heap after
{Heap after GC invocations=22 (full 3):
 PSYoungGen      total 36864K, used 18417K [0x00000000eab00000, 0x00000000eea00000, 0x0000000100000000)
  eden space 18432K, 0% used [0x00000000eab00000,0x00000000eab00000,0x00000000ebd00000)
  from space 18432K, 99% used [0x00000000ed200000,0x00000000ee3fc6a8,0x00000000ee400000)
  to   space 21504K, 0% used [0x00000000ebd00000,0x00000000ebd00000,0x00000000ed200000)
 ParOldGen       total 107520K, used 66951K [0x00000000c0000000, 0x00000000c6900000, 0x00000000eab00000)
  object space 107520K, 62% used [0x00000000c0000000,0x00000000c4161df8,0x00000000c6900000)
 Metaspace       used 49418K, capacity 52148K, committed 52352K, reserved 1095680K
  class space    used 5283K, capacity 6162K, committed 6272K, reserved 1048576K
}
Event: 9.069 GC heap before
{Heap before GC invocations=23 (full 3):
 PSYoungGen      total 36864K, used 36849K [0x00000000eab00000, 0x00000000eea00000, 0x0000000100000000)
  eden space 18432K, 100% used [0x00000000eab00000,0x00000000ebd00000,0x00000000ebd00000)
  from space 18432K, 99% used [0x00000000ed200000,0x00000000ee3fc6a8,0x00000000ee400000)
  to   space 21504K, 0% used [0x00000000ebd00000,0x00000000ebd00000,0x00000000ed200000)
 ParOldGen       total 107520K, used 66951K [0x00000000c0000000, 0x00000000c6900000, 0x00000000eab00000)
  object space 107520K, 62% used [0x00000000c0000000,0x00000000c4161df8,0x00000000c6900000)
 Metaspace       used 52480K, capacity 55387K, committed 55552K, reserved 1097728K
  class space    used 5597K, capacity 6603K, committed 6656K, reserved 1048576K
}
Event: 9.085 GC heap after
{Heap after GC invocations=23 (full 3):
 PSYoungGen      total 20480K, used 1776K [0x00000000eab00000, 0x00000000ed280000, 0x0000000100000000)
  eden space 18432K, 0% used [0x00000000eab00000,0x00000000eab00000,0x00000000ebd00000)
  from space 2048K, 86% used [0x00000000ebd00000,0x00000000ebebc020,0x00000000ebf00000)
  to   space 9216K, 0% used [0x00000000ec980000,0x00000000ec980000,0x00000000ed280000)
 ParOldGen       total 107520K, used 85323K [0x00000000c0000000, 0x00000000c6900000, 0x00000000eab00000)
  object space 107520K, 79% used [0x00000000c0000000,0x00000000c5352fa8,0x00000000c6900000)
 Metaspace       used 52480K, capacity 55387K, committed 55552K, reserved 1097728K
  class space    used 5597K, capacity 6603K, committed 6656K, reserved 1048576K
}
Event: 9.618 GC heap before
{Heap before GC invocations=24 (full 3):
 PSYoungGen      total 20480K, used 20208K [0x00000000eab00000, 0x00000000ed280000, 0x0000000100000000)
  eden space 18432K, 100% used [0x00000000eab00000,0x00000000ebd00000,0x00000000ebd00000)
  from space 2048K, 86% used [0x00000000ebd00000,0x00000000ebebc020,0x00000000ebf00000)
  to   space 9216K, 0% used [0x00000000ec980000,0x00000000ec980000,0x00000000ed280000)
 ParOldGen       total 107520K, used 85323K [0x00000000c0000000, 0x00000000c6900000, 0x00000000eab00000)
  object space 107520K, 79% used [0x00000000c0000000,0x00000000c5352fa8,0x00000000c6900000)
 Metaspace       used 53348K, capacity 56257K, committed 56448K, reserved 1099776K
  class space    used 5679K, capacity 6743K, committed 6784K, reserved 1048576K
}
Event: 9.623 GC heap after
{Heap after GC invocations=24 (full 3):
 PSYoungGen      total 21504K, used 3004K [0x00000000eab00000, 0x00000000ecc80000, 0x0000000100000000)
  eden space 18432K, 0% used [0x00000000eab00000,0x00000000eab00000,0x00000000ebd00000)
  from space 3072K, 97% used [0x00000000ec980000,0x00000000ecc6f030,0x00000000ecc80000)
  to   space 4096K, 0% used [0x00000000ec480000,0x00000000ec480000,0x00000000ec880000)
 ParOldGen       total 107520K, used 85331K [0x00000000c0000000, 0x00000000c6900000, 0x00000000eab00000)
  object space 107520K, 79% used [0x00000000c0000000,0x00000000c5354fa8,0x00000000c6900000)
 Metaspace       used 53348K, capacity 56257K, committed 56448K, reserved 1099776K
  class space    used 5679K, capacity 6743K, committed 6784K, reserved 1048576K
}
Event: 10.023 GC heap before
{Heap before GC invocations=25 (full 3):
 PSYoungGen      total 21504K, used 21436K [0x00000000eab00000, 0x00000000ecc80000, 0x0000000100000000)
  eden space 18432K, 99% used [0x00000000eab00000,0x00000000ebcffff0,0x00000000ebd00000)
  from space 3072K, 97% used [0x00000000ec980000,0x00000000ecc6f030,0x00000000ecc80000)
  to   space 4096K, 0% used [0x00000000ec480000,0x00000000ec480000,0x00000000ec880000)
 ParOldGen       total 107520K, used 85331K [0x00000000c0000000, 0x00000000c6900000, 0x00000000eab00000)
  object space 107520K, 79% used [0x00000000c0000000,0x00000000c5354fa8,0x00000000c6900000)
 Metaspace       used 53689K, capacity 56734K, committed 57088K, reserved 1099776K
  class space    used 5704K, capacity 6794K, committed 6912K, reserved 1048576K
}
Event: 10.029 GC heap after
{Heap after GC invocations=25 (full 3):
 PSYoungGen      total 21504K, used 2688K [0x00000000eab00000, 0x00000000eca00000, 0x0000000100000000)
  eden space 18432K, 0% used [0x00000000eab00000,0x00000000eab00000,0x00000000ebd00000)
  from space 3072K, 87% used [0x00000000ec480000,0x00000000ec7200f0,0x00000000ec780000)
  to   space 2560K, 0% used [0x00000000ec780000,0x00000000ec780000,0x00000000eca00000)
 ParOldGen       total 107520K, used 85339K [0x00000000c0000000, 0x00000000c6900000, 0x00000000eab00000)
  object space 107520K, 79% used [0x00000000c0000000,0x00000000c5356fa8,0x00000000c6900000)
 Metaspace       used 53689K, capacity 56734K, committed 57088K, reserved 1099776K
  class space    used 5704K, capacity 6794K, committed 6912K, reserved 1048576K
}
Event: 11.167 GC heap before
{Heap before GC invocations=26 (full 3):
 PSYoungGen      total 21504K, used 21120K [0x00000000eab00000, 0x00000000eca00000, 0x0000000100000000)
  eden space 18432K, 100% used [0x00000000eab00000,0x00000000ebd00000,0x00000000ebd00000)
  from space 3072K, 87% used [0x00000000ec480000,0x00000000ec7200f0,0x00000000ec780000)
  to   space 2560K, 0% used [0x00000000ec780000,0x00000000ec780000,0x00000000eca00000)
 ParOldGen       total 107520K, used 85339K [0x00000000c0000000, 0x00000000c6900000, 0x00000000eab00000)
  object space 107520K, 79% used [0x00000000c0000000,0x00000000c5356fa8,0x00000000c6900000)
 Metaspace       used 54535K, capacity 57714K, committed 57856K, reserved 1099776K
  class space    used 5813K, capacity 6904K, committed 6912K, reserved 1048576K
}
Event: 11.169 GC heap after
{Heap after GC invocations=26 (full 3):
 PSYoungGen      total 20992K, used 2541K [0x00000000eab00000, 0x00000000eca00000, 0x0000000100000000)
  eden space 18432K, 0% used [0x00000000eab00000,0x00000000eab00000,0x00000000ebd00000)
  from space 2560K, 99% used [0x00000000ec780000,0x00000000ec9fb600,0x00000000eca00000)
  to   space 3072K, 0% used [0x00000000ec400000,0x00000000ec400000,0x00000000ec700000)
 ParOldGen       total 107520K, used 85787K [0x00000000c0000000, 0x00000000c6900000, 0x00000000eab00000)
  object space 107520K, 79% used [0x00000000c0000000,0x00000000c53c6fa8,0x00000000c6900000)
 Metaspace       used 54535K, capacity 57714K, committed 57856K, reserved 1099776K
  class space    used 5813K, capacity 6904K, committed 6912K, reserved 1048576K
}
Event: 12.947 GC heap before
{Heap before GC invocations=27 (full 3):
 PSYoungGen      total 20992K, used 20973K [0x00000000eab00000, 0x00000000eca00000, 0x0000000100000000)
  eden space 18432K, 100% used [0x00000000eab00000,0x00000000ebd00000,0x00000000ebd00000)
  from space 2560K, 99% used [0x00000000ec780000,0x00000000ec9fb600,0x00000000eca00000)
  to   space 3072K, 0% used [0x00000000ec400000,0x00000000ec400000,0x00000000ec700000)
 ParOldGen       total 107520K, used 85787K [0x00000000c0000000, 0x00000000c6900000, 0x00000000eab00000)
  object space 107520K, 79% used [0x00000000c0000000,0x00000000c53c6fa8,0x00000000c6900000)
 Metaspace       used 54840K, capacity 58011K, committed 58240K, reserved 1099776K
  class space    used 5820K, capacity 6938K, committed 7040K, reserved 1048576K
}
Event: 12.950 GC heap after
{Heap after GC invocations=27 (full 3):
 PSYoungGen      total 19968K, used 1281K [0x00000000eab00000, 0x00000000ec800000, 0x0000000100000000)
  eden space 18432K, 0% used [0x00000000eab00000,0x00000000eab00000,0x00000000ebd00000)
  from space 1536K, 83% used [0x00000000ec400000,0x00000000ec5405e0,0x00000000ec580000)
  to   space 2048K, 0% used [0x00000000ec600000,0x00000000ec600000,0x00000000ec800000)
 ParOldGen       total 107520K, used 87917K [0x00000000c0000000, 0x00000000c6900000, 0x00000000eab00000)
  object space 107520K, 81% used [0x00000000c0000000,0x00000000c55db618,0x00000000c6900000)
 Metaspace       used 54840K, capacity 58011K, committed 58240K, reserved 1099776K
  class space    used 5820K, capacity 6938K, committed 7040K, reserved 1048576K
}

Deoptimization events (20 events):
Event: 11.171 Thread 0x000001b692551000 Uncommon trap: trap_request=0xffffffde fr.pc=0x000001b687c7907c relative=0x00000000000000dc
Event: 11.171 Thread 0x000001b692551000 Uncommon trap: reason=class_check action=maybe_recompile pc=0x000001b687c7907c method=org.eclipse.jdt.internal.compiler.lookup.ModuleBinding.completeIfNeeded(Lorg/eclipse/jdt/internal/compiler/env/IUpdatableModule$UpdateKind;)V @ 29 c2
Event: 11.171 Thread 0x000001b692551000 DEOPT PACKING pc=0x000001b687c7907c sp=0x00000057a61fe2b0
Event: 11.171 Thread 0x000001b692551000 DEOPT UNPACKING pc=0x000001b68004912f sp=0x00000057a61fe250 mode 2
Event: 11.171 Thread 0x000001b692551000 Uncommon trap: trap_request=0xffffffde fr.pc=0x000001b687c7907c relative=0x00000000000000dc
Event: 11.171 Thread 0x000001b692551000 Uncommon trap: reason=class_check action=maybe_recompile pc=0x000001b687c7907c method=org.eclipse.jdt.internal.compiler.lookup.ModuleBinding.completeIfNeeded(Lorg/eclipse/jdt/internal/compiler/env/IUpdatableModule$UpdateKind;)V @ 29 c2
Event: 11.171 Thread 0x000001b692551000 DEOPT PACKING pc=0x000001b687c7907c sp=0x00000057a61fe2b0
Event: 11.171 Thread 0x000001b692551000 DEOPT UNPACKING pc=0x000001b68004912f sp=0x00000057a61fe250 mode 2
Event: 11.171 Thread 0x000001b692551000 Uncommon trap: trap_request=0xffffffde fr.pc=0x000001b687c7907c relative=0x00000000000000dc
Event: 11.171 Thread 0x000001b692551000 Uncommon trap: reason=class_check action=maybe_recompile pc=0x000001b687c7907c method=org.eclipse.jdt.internal.compiler.lookup.ModuleBinding.completeIfNeeded(Lorg/eclipse/jdt/internal/compiler/env/IUpdatableModule$UpdateKind;)V @ 29 c2
Event: 11.171 Thread 0x000001b692551000 DEOPT PACKING pc=0x000001b687c7907c sp=0x00000057a61fe2b0
Event: 11.171 Thread 0x000001b692551000 DEOPT UNPACKING pc=0x000001b68004912f sp=0x00000057a61fe250 mode 2
Event: 11.171 Thread 0x000001b692551000 Uncommon trap: trap_request=0xffffffde fr.pc=0x000001b687c7907c relative=0x00000000000000dc
Event: 11.171 Thread 0x000001b692551000 Uncommon trap: reason=class_check action=maybe_recompile pc=0x000001b687c7907c method=org.eclipse.jdt.internal.compiler.lookup.ModuleBinding.completeIfNeeded(Lorg/eclipse/jdt/internal/compiler/env/IUpdatableModule$UpdateKind;)V @ 29 c2
Event: 11.171 Thread 0x000001b692551000 DEOPT PACKING pc=0x000001b687c7907c sp=0x00000057a61fe2b0
Event: 11.171 Thread 0x000001b692551000 DEOPT UNPACKING pc=0x000001b68004912f sp=0x00000057a61fe250 mode 2
Event: 11.184 Thread 0x000001b692551000 DEOPT PACKING pc=0x000001b68119291e sp=0x00000057a61fe0b0
Event: 11.184 Thread 0x000001b692551000 DEOPT UNPACKING pc=0x000001b68004964e sp=0x00000057a61fd568 mode 0
Event: 12.921 Thread 0x000001b692551000 DEOPT PACKING pc=0x000001b680ab0ca1 sp=0x00000057a61fdae0
Event: 12.921 Thread 0x000001b692551000 DEOPT UNPACKING pc=0x000001b68004964e sp=0x00000057a61fcfd8 mode 0

Classes unloaded (0 events):
No events

Classes redefined (0 events):
No events

Internal exceptions (20 events):
Event: 12.937 Thread 0x000001b692551000 Exception <a 'java/lang/ArrayIndexOutOfBoundsException'{0x00000000eba61060}> (0x00000000eba61060) 
thrown [t:/workspace/open/src/hotspot/share/runtime/sharedRuntime.cpp, line 585]
Event: 12.937 Thread 0x000001b690578800 Exception <a 'java/lang/ArrayIndexOutOfBoundsException'{0x00000000eba88b50}> (0x00000000eba88b50) 
thrown [t:/workspace/open/src/hotspot/share/runtime/sharedRuntime.cpp, line 585]
Event: 12.940 Thread 0x000001b690578800 Exception <a 'java/lang/ArrayIndexOutOfBoundsException'{0x00000000ebb416a0}> (0x00000000ebb416a0) 
thrown [t:/workspace/open/src/hotspot/share/runtime/sharedRuntime.cpp, line 585]
Event: 12.941 Thread 0x000001b690578800 Exception <a 'java/lang/ArrayIndexOutOfBoundsException'{0x00000000ebb8d830}> (0x00000000ebb8d830) 
thrown [t:/workspace/open/src/hotspot/share/runtime/sharedRuntime.cpp, line 585]
Event: 12.941 Thread 0x000001b690578800 Exception <a 'java/lang/ArrayIndexOutOfBoundsException'{0x00000000ebb8dc40}> (0x00000000ebb8dc40) 
thrown [t:/workspace/open/src/hotspot/share/runtime/sharedRuntime.cpp, line 585]
Event: 12.946 Thread 0x000001b690578800 Exception <a 'java/lang/ArrayIndexOutOfBoundsException'{0x00000000ebccf900}> (0x00000000ebccf900) 
thrown [t:/workspace/open/src/hotspot/share/runtime/sharedRuntime.cpp, line 585]
Event: 12.947 Thread 0x000001b690578800 Exception <a 'java/lang/ArrayIndexOutOfBoundsException'{0x00000000ebcf6638}> (0x00000000ebcf6638) 
thrown [t:/workspace/open/src/hotspot/share/runtime/sharedRuntime.cpp, line 585]
Event: 12.947 Thread 0x000001b690578800 Exception <a 'java/lang/ArrayIndexOutOfBoundsException'{0x00000000ebcf7088}> (0x00000000ebcf7088) 
thrown [t:/workspace/open/src/hotspot/share/runtime/sharedRuntime.cpp, line 585]
Event: 12.947 Thread 0x000001b690578800 Exception <a 'java/lang/ArrayIndexOutOfBoundsException'{0x00000000ebcf7650}> (0x00000000ebcf7650) 
thrown [t:/workspace/open/src/hotspot/share/runtime/sharedRuntime.cpp, line 585]
Event: 12.953 Thread 0x000001b690578800 Exception <a 'java/lang/ArrayIndexOutOfBoundsException'{0x00000000eabb3c38}> (0x00000000eabb3c38) 
thrown [t:/workspace/open/src/hotspot/share/runtime/sharedRuntime.cpp, line 585]
Event: 12.953 Thread 0x000001b690578800 Exception <a 'java/lang/ArrayIndexOutOfBoundsException'{0x00000000eabb3fb0}> (0x00000000eabb3fb0) 
thrown [t:/workspace/open/src/hotspot/share/runtime/sharedRuntime.cpp, line 585]
Event: 12.955 Thread 0x000001b690578800 Exception <a 'java/lang/ArrayIndexOutOfBoundsException'{0x00000000eac8ca48}> (0x00000000eac8ca48) 
thrown [t:/workspace/open/src/hotspot/share/runtime/sharedRuntime.cpp, line 585]
Event: 12.956 Thread 0x000001b690578800 Exception <a 'java/lang/ArrayIndexOutOfBoundsException'{0x00000000eacb3b80}> (0x00000000eacb3b80) 
thrown [t:/workspace/open/src/hotspot/share/runtime/sharedRuntime.cpp, line 585]
Event: 12.956 Thread 0x000001b690578800 Exception <a 'java/lang/ArrayIndexOutOfBoundsException'{0x00000000eacb4200}> (0x00000000eacb4200) 
thrown [t:/workspace/open/src/hotspot/share/runtime/sharedRuntime.cpp, line 585]
Event: 12.961 Thread 0x000001b690578800 Exception <a 'java/lang/ArrayIndexOutOfBoundsException'{0x00000000ead9c348}> (0x00000000ead9c348) 
thrown [t:/workspace/open/src/hotspot/share/runtime/sharedRuntime.cpp, line 585]
Event: 12.962 Thread 0x000001b690578800 Exception <a 'java/lang/ArrayIndexOutOfBoundsException'{0x00000000eadc00c0}> (0x00000000eadc00c0) 
thrown [t:/workspace/open/src/hotspot/share/runtime/sharedRuntime.cpp, line 585]
Event: 12.964 Thread 0x000001b690578800 Exception <a 'java/lang/ArrayIndexOutOfBoundsException'{0x00000000eadfccd8}> (0x00000000eadfccd8) 
thrown [t:/workspace/open/src/hotspot/share/runtime/sharedRuntime.cpp, line 585]
Event: 12.964 Thread 0x000001b690578800 Exception <a 'java/lang/ArrayIndexOutOfBoundsException'{0x00000000eae1e508}> (0x00000000eae1e508) 
thrown [t:/workspace/open/src/hotspot/share/runtime/sharedRuntime.cpp, line 585]
Event: 12.967 Thread 0x000001b690578800 Exception <a 'java/lang/ArrayIndexOutOfBoundsException'{0x00000000eae54510}> (0x00000000eae54510) 
thrown [t:/workspace/open/src/hotspot/share/runtime/sharedRuntime.cpp, line 585]
Event: 12.968 Thread 0x000001b690578800 Exception <a 'java/lang/ArrayIndexOutOfBoundsException'{0x00000000eae6f3b0}> (0x00000000eae6f3b0) 
thrown [t:/workspace/open/src/hotspot/share/runtime/sharedRuntime.cpp, line 585]

Events (20 events):
Event: 11.609 Thread 0x000001b69261b000 Thread added: 0x000001b69261b000
Event: 11.613 Thread 0x000001b69d231800 Thread added: 0x000001b69d231800
Event: 12.555 Thread 0x000001b69d231800 Thread exited: 0x000001b69d231800
Event: 12.920 Thread 0x000001b69261b000 Thread exited: 0x000001b69261b000
Event: 12.925 Thread 0x000001b69edd8800 Thread added: 0x000001b69edd8800
Event: 12.928 Thread 0x000001b69d231800 Thread added: 0x000001b69d231800
Event: 12.940 Executing VM operation: RevokeBias
Event: 12.941 Executing VM operation: RevokeBias done
Event: 12.941 Executing VM operation: RevokeBias
Event: 12.942 Executing VM operation: RevokeBias done
Event: 12.945 Executing VM operation: RevokeBias
Event: 12.945 Executing VM operation: RevokeBias done
Event: 12.947 Executing VM operation: ParallelGCFailedAllocation
Event: 12.950 Executing VM operation: ParallelGCFailedAllocation done
Event: 12.960 Executing VM operation: RevokeBias
Event: 12.960 Executing VM operation: RevokeBias done
Event: 12.960 Executing VM operation: RevokeBias
Event: 12.960 Executing VM operation: RevokeBias done
Event: 12.961 Executing VM operation: RevokeBias
Event: 12.961 Executing VM operation: RevokeBias done


Dynamic libraries:
0x00007ff755940000 - 0x00007ff75594f000 	C:\Program Files\Java\jdk-13\bin\java.exe
0x00007ffea6c30000 - 0x00007ffea6e25000 	C:\WINDOWS\SYSTEM32\ntdll.dll
0x00007ffea5930000 - 0x00007ffea59ed000 	C:\WINDOWS\System32\KERNEL32.DLL
0x00007ffea48d0000 - 0x00007ffea4b99000 	C:\WINDOWS\System32\KERNELBASE.dll
0x00007ffea4370000 - 0x00007ffea4470000 	C:\WINDOWS\System32\ucrtbase.dll
0x00007ffe72b40000 - 0x00007ffe72b58000 	C:\Program Files\Java\jdk-13\bin\jli.dll
0x00007ffe67460000 - 0x00007ffe67475000 	C:\Program Files\Java\jdk-13\bin\VCRUNTIME140.dll
0x00007ffea4e10000 - 0x00007ffea4ebc000 	C:\WINDOWS\System32\ADVAPI32.dll
0x00007ffea4d70000 - 0x00007ffea4e0e000 	C:\WINDOWS\System32\msvcrt.dll
0x00007ffea6430000 - 0x00007ffea64cc000 	C:\WINDOWS\System32\sechost.dll
0x00007ffea52e0000 - 0x00007ffea540b000 	C:\WINDOWS\System32\RPCRT4.dll
0x00007ffea5a50000 - 0x00007ffea5bf0000 	C:\WINDOWS\System32\USER32.dll
0x00007ffea44a0000 - 0x00007ffea44c2000 	C:\WINDOWS\System32\win32u.dll
0x00007ffea4f70000 - 0x00007ffea4f9a000 	C:\WINDOWS\System32\GDI32.dll
0x00007ffea4580000 - 0x00007ffea468b000 	C:\WINDOWS\System32\gdi32full.dll
0x00007ffea4ba0000 - 0x00007ffea4c3d000 	C:\WINDOWS\System32\msvcp_win.dll
0x00007ffe92ec0000 - 0x00007ffe9315a000 	C:\WINDOWS\WinSxS\amd64_microsoft.windows.common-controls_6595b64144ccf1df_6.0.19041.844_none_ca00b6081b84eb1d\COMCTL32.dll
0x00007ffe99ef0000 - 0x00007ffe99efa000 	C:\WINDOWS\SYSTEM32\VERSION.dll
0x00007ffea6a00000 - 0x00007ffea6a30000 	C:\WINDOWS\System32\IMM32.DLL
0x00007ffe63da0000 - 0x00007ffe63e3b000 	C:\Program Files\Java\jdk-13\bin\msvcp140.dll
0x00007ffe7f9d0000 - 0x00007ffe80536000 	C:\Program Files\Java\jdk-13\bin\server\jvm.dll
0x00007ffea6a50000 - 0x00007ffea6a58000 	C:\WINDOWS\System32\PSAPI.DLL
0x00007ffe95b40000 - 0x00007ffe95b67000 	C:\WINDOWS\SYSTEM32\WINMM.dll
0x00007ffe82cf0000 - 0x00007ffe82cf9000 	C:\WINDOWS\SYSTEM32\WSOCK32.dll
0x00007ffea6a60000 - 0x00007ffea6acb000 	C:\WINDOWS\System32\WS2_32.dll
0x00007ffea21f0000 - 0x00007ffea2202000 	C:\WINDOWS\SYSTEM32\kernel.appcore.dll
0x00007ffe82d70000 - 0x00007ffe82d80000 	C:\Program Files\Java\jdk-13\bin\verify.dll
0x00007ffe985a0000 - 0x00007ffe98784000 	C:\WINDOWS\SYSTEM32\DBGHELP.DLL
0x00007ffe7f940000 - 0x00007ffe7f96c000 	C:\WINDOWS\SYSTEM32\dbgcore.DLL
0x00007ffea4690000 - 0x00007ffea4710000 	C:\WINDOWS\System32\bcryptPrimitives.dll
0x00007ffe7e0f0000 - 0x00007ffe7e116000 	C:\Program Files\Java\jdk-13\bin\java.dll
0x00007ffe7efd0000 - 0x00007ffe7efe7000 	C:\Program Files\Java\jdk-13\bin\zip.dll
0x00007ffe81d70000 - 0x00007ffe81d7a000 	C:\Program Files\Java\jdk-13\bin\jimage.dll
0x00007ffea5c00000 - 0x00007ffea6342000 	C:\WINDOWS\System32\SHELL32.dll
0x00007ffea24d0000 - 0x00007ffea2c60000 	C:\WINDOWS\SYSTEM32\windows.storage.dll
0x00007ffea6560000 - 0x00007ffea68b5000 	C:\WINDOWS\System32\combase.dll
0x00007ffea3de0000 - 0x00007ffea3e0c000 	C:\WINDOWS\SYSTEM32\Wldp.dll
0x00007ffea5410000 - 0x00007ffea54be000 	C:\WINDOWS\System32\SHCORE.dll
0x00007ffea68c0000 - 0x00007ffea6915000 	C:\WINDOWS\System32\shlwapi.dll
0x00007ffea42b0000 - 0x00007ffea42cf000 	C:\WINDOWS\SYSTEM32\profapi.dll
0x00007ffe7a320000 - 0x00007ffe7a339000 	C:\Program Files\Java\jdk-13\bin\net.dll
0x00007ffe942e0000 - 0x00007ffe943ec000 	C:\WINDOWS\SYSTEM32\WINHTTP.dll
0x00007ffe98fb0000 - 0x00007ffe9919e000 	C:\WINDOWS\SYSTEM32\urlmon.dll
0x00007ffe99c30000 - 0x00007ffe99ee0000 	C:\WINDOWS\SYSTEM32\iertutil.dll
0x00007ffe924e0000 - 0x00007ffe927b8000 	C:\Windows\Netease\Booster\lsp64.dll
0x00007ffea4710000 - 0x00007ffea486f000 	C:\WINDOWS\System32\CRYPT32.dll
0x00007ffea37e0000 - 0x00007ffea381b000 	C:\WINDOWS\SYSTEM32\IPHLPAPI.DLL
0x00007ffea3b60000 - 0x00007ffea3bca000 	C:\WINDOWS\system32\mswsock.dll
0x00007ffea4870000 - 0x00007ffea48d0000 	C:\WINDOWS\System32\WINTRUST.DLL
0x00007ffea3f60000 - 0x00007ffea3f72000 	C:\WINDOWS\SYSTEM32\MSASN1.dll
0x00007ffea6a30000 - 0x00007ffea6a4d000 	C:\WINDOWS\System32\imagehlp.dll
0x00007ffea3d40000 - 0x00007ffea3d58000 	C:\WINDOWS\SYSTEM32\CRYPTSP.dll
0x00007ffea3430000 - 0x00007ffea3464000 	C:\WINDOWS\system32\rsaenh.dll
0x00007ffea4470000 - 0x00007ffea4497000 	C:\WINDOWS\System32\bcrypt.dll
0x00007ffea3d30000 - 0x00007ffea3d3c000 	C:\WINDOWS\SYSTEM32\CRYPTBASE.dll
0x00007ffe79c20000 - 0x00007ffe79c33000 	C:\Program Files\Java\jdk-13\bin\nio.dll
0x00007ffea4230000 - 0x00007ffea425e000 	C:\WINDOWS\SYSTEM32\USERENV.dll
0x00007ffea5bf0000 - 0x00007ffea5bf8000 	C:\WINDOWS\System32\NSI.dll
0x00007ffe9cae0000 - 0x00007ffe9caf7000 	C:\WINDOWS\SYSTEM32\dhcpcsvc6.DLL
0x00007ffe9caa0000 - 0x00007ffe9cabd000 	C:\WINDOWS\SYSTEM32\dhcpcsvc.DLL
0x00007ffea3820000 - 0x00007ffea38eb000 	C:\WINDOWS\SYSTEM32\DNSAPI.dll
0x00007ffe66d00000 - 0x00007ffe66d29000 	C:\Users\umihara\AppData\Roaming\Code\User\globalStorage\redhat.java\0.76.0\config_win\org.eclipse.equinox.launcher\org.eclipse.equinox.launcher.win32.win32.x86_64_1.2.100.v20210209-1541\eclipse_11301.dll
0x00007ffe669c0000 - 0x00007ffe669d1000 	C:\Users\umihara\AppData\Roaming\Code\User\globalStorage\redhat.java\0.76.0\config_win\org.eclipse.osgi\23\0\.cp\jWinHttp-1.0.0.dll
0x00007ffea51b0000 - 0x00007ffea52da000 	C:\WINDOWS\System32\ole32.dll
0x00007ffea0eb0000 - 0x00007ffea0ebe000 	C:\Program Files\Java\jdk-13\bin\sunmscapi.dll
0x00007ffea3e50000 - 0x00007ffea3e77000 	C:\WINDOWS\SYSTEM32\ncrypt.dll
0x00007ffea3e10000 - 0x00007ffea3e4b000 	C:\WINDOWS\SYSTEM32\NTASN1.dll
0x00007ffe66990000 - 0x00007ffe669b5000 	C:\Program Files\Java\jdk-13\bin\sunec.dll

dbghelp: loaded successfully - version: 4.0.5 - missing functions: none
symbol engine: initialized successfully - sym options: 0x614 - pdb path: .;C:\Program Files\Java\jdk-13\bin;C:\WINDOWS\SYSTEM32;C:\WINDOWS\WinSxS\amd64_microsoft.windows.common-controls_6595b64144ccf1df_6.0.19041.844_none_ca00b6081b84eb1d;C:\Program Files\Java\jdk-13\bin\server;C:\Windows\Netease\Booster;C:\Users\umihara\AppData\Roaming\Code\User\globalStorage\redhat.java\0.76.0\config_win\org.eclipse.equinox.launcher\org.eclipse.equinox.launcher.win32.win32.x86_64_1.2.100.v20210209-1541;C:\Users\umihara\AppData\Roaming\Code\User\globalStorage\redhat.java\0.76.0\config_win\org.eclipse.osgi\23\0\.cp

VM Arguments:
jvm_args: --add-modules=ALL-SYSTEM --add-opens=java.base/java.util=ALL-UNNAMED --add-opens=java.base/java.lang=ALL-UNNAMED -Declipse.application=org.eclipse.jdt.ls.core.id1 -Dosgi.bundles.defaultStartLevel=4 -Declipse.product=org.eclipse.jdt.ls.core.product -Dfile.encoding=utf8 -DwatchParentProcess=false -XX:+UseParallelGC -XX:GCTimeRatio=4 -XX:AdaptiveSizePolicyWeight=90 -Dsun.zip.disableMemoryMapping=true -Xmx1G -Xms100m 
java_command: c:\Users\umihara\.vscode\extensions\redhat.java-0.76.0\server\plugins\org.eclipse.equinox.launcher_1.6.100.v20201223-0822.jar -configuration c:\Users\umihara\AppData\Roaming\Code\User\globalStorage\redhat.java\0.76.0\config_win -data c:\Users\umihara\AppData\Roaming\Code\User\workspaceStorage\899b76b1ce4dd66ad527045252407c76\redhat.java\jdt_ws
java_class_path (initial): c:\Users\umihara\.vscode\extensions\redhat.java-0.76.0\server\plugins\org.eclipse.equinox.launcher_1.6.100.v20201223-0822.jar
Launcher Type: SUN_STANDARD

[Global flags]
    uintx AdaptiveSizePolicyWeight                 = 90                                        {product} {command line}
     intx CICompilerCount                          = 4                                         {product} {ergonomic}
    uintx GCTimeRatio                              = 4                                         {product} {command line}
   size_t InitialHeapSize                          = 104857600                                 {product} {command line}
   size_t MaxHeapSize                              = 1073741824                                {product} {command line}
   size_t MaxNewSize                               = 357564416                                 {product} {ergonomic}
   size_t MinHeapDeltaBytes                        = 524288                                    {product} {ergonomic}
   size_t MinHeapSize                              = 104857600                                 {product} {command line}
   size_t NewSize                                  = 34603008                                  {product} {ergonomic}
    uintx NonNMethodCodeHeapSize                   = 5836300                                {pd product} {ergonomic}
    uintx NonProfiledCodeHeapSize                  = 122910970                              {pd product} {ergonomic}
   size_t OldSize                                  = 70254592                                  {product} {ergonomic}
    uintx ProfiledCodeHeapSize                     = 122910970                              {pd product} {ergonomic}
    uintx ReservedCodeCacheSize                    = 251658240                              {pd product} {ergonomic}
     bool SegmentedCodeCache                       = true                                      {product} {ergonomic}
   size_t SoftMaxHeapSize                          = 1073741824                             {manageable} {ergonomic}
     bool UseCompressedClassPointers               = true                                 {lp64_product} {ergonomic}
     bool UseCompressedOops                        = true                                 {lp64_product} {ergonomic}
     bool UseLargePagesIndividualAllocation        = false                                  {pd product} {ergonomic}
     bool UseParallelGC                            = true                                      {product} {command line}

Logging:
Log output configuration:
 #0: stdout all=warning uptime,level,tags
 #1: stderr all=off uptime,level,tags

Environment Variables:
JAVA_HOME=C:\Program Files\Java\jdk-13
CLASSPATH=D:\BUPT\Software\Lingo\Lingo14.jar
PATH=D:\BUPT\Software\;C:\ProgramData\Oracle\Java\javapath;C:\Program Files (x86)\Intel\Intel(R) Management Engine Components\iCLS\;C:\Program Files\Intel\Intel(R) Management Engine Components\iCLS\;C:\Windows\system32;C:\Windows;C:\Windows\System32\Wbem;C:\Windows\System32\WindowsPowerShell\v1.0\;C:\Program Files (x86)\Intel\Intel(R) Management Engine Components\DAL;C:\Program Files\Intel\Intel(R) Management Engine Components\DAL;C:\Program Files (x86)\Intel\Intel(R) Management Engine Components\IPT;C:\Program Files\Intel\Intel(R) Management Engine Components\IPT;C:\WINDOWS\system32;C:\WINDOWS;C:\WINDOWS\System32\Wbem;C:\WINDOWS\System32\WindowsPowerShell\v1.0\;C:\WINDOWS\System32\OpenSSH\;C:\Program Files (x86)\Wolfram Research\WolframScript\;C:\Program Files\Intel\WiFi\bin\;C:\Program Files\Common Files\Intel\WirelessCommon\;C:\Program Files\Java\jdk-13\bin;C:\Program Files (x86)\NVIDIA Corporation\PhysX\Common;C:\Program Files\NVIDIA Corporation\NVIDIA NvDLISR;C:\Program Files\MySQL\MySQL Server 8.0\bin;C:\Program Files\nodejs\;C:\ProgramData\chocolatey\bin;C:\Program Files\Git\cmd;D:\Work\Pingan\IoT\Test\curl-7.72.0-win64-mingw\bin;C:\WINDOWS\system32;C:\WINDOWS;C:\WINDOWS\System32\Wbem;C:\WINDOWS\System32\WindowsPowerShell\v1.0\;C:\WINDOWS\System32\OpenSSH\;C:\Users\umihara\AppData\Local\Programs\Python\Python39;D:\BUPT\Software\Lingo\;D:\BUPT\Software\Matlab\runtime\win64;D:\BUPT\Software\Matlab\bin;D:\BUPT\Software\Matlab\polyspace\bin;D:\BUPT\Software\SDK\platform-tools;D:\BUPT\Software\SDK\emulator;D:\BUPT\Software\SDK\tools;D:\BUPT\Software\SDK\tools\bin;D:\BUPT\Software\gradle\.gradle\wrapper\dists\gradle-6.2-all\dvufqs6kielxeao781pmk5huj\gradle-6.2\bin;C:\Program Files\Java\jdk-13\bin;C:\Users\umihara\AppData\Local\Programs\Python\Python39\Scripts\;C:\Users\umihara\AppData\Local\Programs\Python\Python39\;C:\Program Files\MySQL\MySQL Shell 8.0\bin\;C:\Users\umihara\AppData\Local\Microsoft\WindowsApps;D:\Study\software\Modelsim\win64;D:\BUPT\Software\Microso
USERNAME=umihara
OS=Windows_NT
PROCESSOR_IDENTIFIER=Intel64 Family 6 Model 158 Stepping 10, GenuineIntel



---------------  S Y S T E M  ---------------

OS: Windows 10 , 64 bit Build 19041 (10.0.19041.804)

CPU:total 8 (initial active 8) (4 cores per cpu, 2 threads per core) family 6 model 158 stepping 10, cmov, cx8, fxsr, mmx, sse, sse2, sse3, ssse3, sse4.1, sse4.2, popcnt, avx, avx2, aes, clmul, erms, 3dnowpref, lzcnt, ht, tsc, tscinvbit, bmi1, bmi2, adx, fma

Memory: 4k page, system-wide physical 16226M (7316M free)
TotalPageFile size 19298M (AvailPageFile size 7548M)
current process WorkingSet (physical memory assigned to process): 280M, peak: 333M
current process commit charge ("private bytes"): 344M, peak: 408M

vm_info: Java HotSpot(TM) 64-Bit Server VM (13+33) for windows-amd64 JRE (13+33), built on Sep 18 2019 21:38:00 by "mach5one" with unknown MS VC++:1916

END.
